<?xml version="1.0" encoding="UTF-8"?>
<testsuite xmlns:xsi="http://www.w3.org/2001/XMLSchema-instance" xsi:noNamespaceSchemaLocation="https://maven.apache.org/surefire/maven-surefire-plugin/xsd/surefire-test-report-3.0.xsd" version="3.0" name="TestSuite" time="196.166" tests="17" errors="0" skipped="0" failures="6">
  <properties>
[...]
</properties>
  <testcase name="addProjectSuccessfully" classname="tests.DoneProject.projects.AddProjectTest" time="24.147">
    <failure message="Expected condition failed: waiting for element to be clickable: By.cssSelector: button.btn.btn-primary[type=&apos;submit&apos;] (tried for 20 second(s) with 500 milliseconds interval)&#10;Build info: version: &apos;4.35.0&apos;, revision: &apos;1c58e5028b&apos;&#10;System info: os.name: &apos;Windows 11&apos;, os.arch: &apos;amd64&apos;, os.version: &apos;10.0&apos;, java.version: &apos;24.0.1&apos;&#10;Driver info: org.openqa.selenium.chrome.ChromeDriver&#10;Capabilities {acceptInsecureCerts: false, browserName: chrome, browserVersion: 145.0.7632.159, chrome: {chromedriverVersion: 145.0.7632.117 (de4e5d6e13b..., userDataDir: C:\Users\LAPSTO~1\AppData\L...}, fedcm:accounts: true, goog:chromeOptions: {debuggerAddress: localhost:61582}, goog:processID: 18592, networkConnectionEnabled: false, pageLoadStrategy: normal, platformName: windows, proxy: Proxy(), se:cdp: ws://localhost:61582/devtoo..., se:cdpVersion: 145.0.7632.159, setWindowRect: true, strictFileInteractability: false, timeouts: {implicit: 0, pageLoad: 300000, script: 30000}, unhandledPromptBehavior: dismiss and notify, webauthn:extension:credBlob: true, webauthn:extension:largeBlob: true, webauthn:extension:minPinLength: true, webauthn:extension:prf: true, webauthn:virtualAuthenticators: true}&#10;Session ID: b5986f627f98106f397a973c45aef076" type="org.openqa.selenium.TimeoutException"><![CDATA[org.openqa.selenium.TimeoutException: 
Expected condition failed: waiting for element to be clickable: By.cssSelector: button.btn.btn-primary[type='submit'] (tried for 20 second(s) with 500 milliseconds interval)
Build info: version: '4.35.0', revision: '1c58e5028b'
System info: os.name: 'Windows 11', os.arch: 'amd64', os.version: '10.0', java.version: '24.0.1'
Driver info: org.openqa.selenium.chrome.ChromeDriver
Capabilities {acceptInsecureCerts: false, browserName: chrome, browserVersion: 145.0.7632.159, chrome: {chromedriverVersion: 145.0.7632.117 (de4e5d6e13b..., userDataDir: C:\Users\LAPSTO~1\AppData\L...}, fedcm:accounts: true, goog:chromeOptions: {debuggerAddress: localhost:61582}, goog:processID: 18592, networkConnectionEnabled: false, pageLoadStrategy: normal, platformName: windows, proxy: Proxy(), se:cdp: ws://localhost:61582/devtoo..., se:cdpVersion: 145.0.7632.159, setWindowRect: true, strictFileInteractability: false, timeouts: {implicit: 0, pageLoad: 300000, script: 30000}, unhandledPromptBehavior: dismiss and notify, webauthn:extension:credBlob: true, webauthn:extension:largeBlob: true, webauthn:extension:minPinLength: true, webauthn:extension:prf: true, webauthn:virtualAuthenticators: true}
Session ID: b5986f627f98106f397a973c45aef076
	at org.openqa.selenium.support.ui.WebDriverWait.timeoutException(WebDriverWait.java:84)
	at org.openqa.selenium.support.ui.FluentWait.until(FluentWait.java:228)
	at com.DoneProject.helpers.ActionBot.click(ActionBot.java:32)
	at com.DoneProject.Pages.BasePage.click(BasePage.java:28)
	at com.DoneProject.Pages.ProjectsPage.addProject(ProjectsPage.java:48)
	at tests.DoneProject.projects.AddProjectTest.addProjectSuccessfully(AddProjectTest.java:32)
	at java.base/jdk.internal.reflect.DirectMethodHandleAccessor.invoke(DirectMethodHandleAccessor.java:104)
	at java.base/java.lang.reflect.Method.invoke(Method.java:565)
	at org.testng.internal.invokers.MethodInvocationHelper.invokeMethod(MethodInvocationHelper.java:141)
	at org.testng.internal.invokers.TestInvoker.invokeMethod(TestInvoker.java:687)
	at org.testng.internal.invokers.TestInvoker.invokeTestMethod(TestInvoker.java:230)
	at org.testng.internal.invokers.MethodRunner.runInSequence(MethodRunner.java:63)
	at org.testng.internal.invokers.TestInvoker$MethodInvocationAgent.invoke(TestInvoker.java:995)
	at org.testng.internal.invokers.TestInvoker.invokeTestMethods(TestInvoker.java:203)
	at org.testng.internal.invokers.TestMethodWorker.invokeTestMethods(TestMethodWorker.java:154)
	at org.testng.internal.invokers.TestMethodWorker.run(TestMethodWorker.java:134)
	at java.base/java.util.ArrayList.forEach(ArrayList.java:1604)
	at org.testng.TestRunner.privateRun(TestRunner.java:741)
	at org.testng.TestRunner.run(TestRunner.java:616)
	at org.testng.SuiteRunner.runTest(SuiteRunner.java:421)
	at org.testng.SuiteRunner.runSequentially(SuiteRunner.java:413)
	at org.testng.SuiteRunner.privateRun(SuiteRunner.java:373)
	at org.testng.SuiteRunner.run(SuiteRunner.java:312)
	at org.testng.SuiteRunnerWorker.runSuite(SuiteRunnerWorker.java:52)
	at org.testng.SuiteRunnerWorker.run(SuiteRunnerWorker.java:95)
	at org.testng.TestNG.runSuitesSequentially(TestNG.java:1274)
	at org.testng.TestNG.runSuitesLocally(TestNG.java:1208)
	at org.testng.TestNG.runSuites(TestNG.java:1112)
	at org.testng.TestNG.run(TestNG.java:1079)
	at org.apache.maven.surefire.testng.TestNGExecutor.run(TestNGExecutor.java:308)
	at org.apache.maven.surefire.testng.TestNGXmlTestSuite.execute(TestNGXmlTestSuite.java:71)
	at org.apache.maven.surefire.testng.TestNGProvider.invoke(TestNGProvider.java:113)
	at org.apache.maven.surefire.booter.ForkedBooter.runSuitesInProcess(ForkedBooter.java:385)
	at org.apache.maven.surefire.booter.ForkedBooter.execute(ForkedBooter.java:162)
	at org.apache.maven.surefire.booter.ForkedBooter.run(ForkedBooter.java:507)
	at org.apache.maven.surefire.booter.ForkedBooter.main(ForkedBooter.java:495)
]]></failure>
    <system-out><![CDATA[[16:33:11] ✅ تم إنشاء ActionBot بنجاح مع WebDriver
[16:33:11] ✅ تم إنشاء BasePage بنجاح
[16:33:11] ✅ تم إنشاء ActionBot بنجاح مع WebDriver
[16:33:11] ✅ تم إنشاء BasePage بنجاح
[16:33:11] ✅ تم إنشاء ActionBot بنجاح مع WebDriver
[16:33:11] ✅ تم إنشاء BasePage بنجاح
[16:33:11] ✅ تم إنشاء ActionBot بنجاح مع WebDriver
[16:33:11] ✅ تم إنشاء BasePage بنجاح
[16:33:11] ✅ تم إنشاء ActionBot بنجاح مع WebDriver
[16:33:11] ✅ تم إنشاء BasePage بنجاح
[16:33:11] ✅ تم إنشاء ActionBot بنجاح مع WebDriver
[16:33:11] ✅ تم إنشاء BasePage بنجاح
[16:33:14] ✅ تم إنشاء ActionBot بنجاح مع WebDriver
[16:33:14] ✅ تم إنشاء BasePage بنجاح
[16:33:14] ⏳ انتظار الصفحة لتكون جاهزة...
[16:33:14] ✅ الصفحة جاهزة
[16:33:14] ⏳ جاري الانتظار لعنصر مرئي: By.id: validationServer01
[16:33:14] 🔄 جاري مسح النص القديم والكتابة الجديدة: ismealadmin
[16:33:14] ✅ تم كتابة النص بنجاح: [ismealadmin] في العنصر: By.id: validationServer01
[16:33:14] ⏳ جاري الانتظار لعنصر مرئي: By.id: validationServer02
[16:33:14] 🔄 جاري مسح النص القديم والكتابة الجديدة: 123456
[16:33:14] ✅ تم كتابة النص بنجاح: [123456] في العنصر: By.id: validationServer02
[16:33:14] ⏳ جاري الانتظار لعنصر قابل للنقر: By.cssSelector: button.btn-login
[16:33:14] ✅ تم النقر على العنصر: By.cssSelector: button.btn-login
[16:33:14] ⏳ انتظار الصفحة لتكون جاهزة...
[16:33:14] ✅ الصفحة جاهزة
[16:33:14] ⏳ انتظار الصفحة لتكون جاهزة...
[16:33:14] ✅ الصفحة جاهزة
[16:33:14] ⏳ جاري الانتظار لعنصر قابل للنقر: By.xpath: //a[.//h4[normalize-space()='Automation Sector Updated']]
[16:33:17] ✅ تم النقر على العنصر: By.xpath: //a[.//h4[normalize-space()='Automation Sector Updated']]
[16:33:17] ⏳ انتظار الصفحة لتكون جاهزة...
[16:33:18] ✅ الصفحة جاهزة
[16:33:18] ⏳ انتظار الصفحة لتكون جاهزة...
[16:33:18] ✅ الصفحة جاهزة
[16:33:18] ⏳ جاري الانتظار لعنصر قابل للنقر: By.id: dropdownMenuButton1
[16:33:18] ✅ تم النقر على العنصر: By.id: dropdownMenuButton1
[16:33:18] ⏳ جاري الانتظار لعنصر قابل للنقر: By.xpath: //a[normalize-space()='New project']
[16:33:18] ✅ تم النقر على العنصر: By.xpath: //a[normalize-space()='New project']
[16:33:18] ⏳ جاري الانتظار لعنصر مرئي: By.id: projectName
[16:33:18] 🔄 جاري مسح النص القديم والكتابة الجديدة: Automation Project 1
[16:33:18] ✅ تم كتابة النص بنجاح: [Automation Project 1] في العنصر: By.id: projectName
[16:33:18] ⏳ جاري الانتظار لعنصر قابل للنقر: By.cssSelector: button.btn.btn-primary[type='submit']
[16:33:38] ❌ فشل النقر على العنصر: By.cssSelector: button.btn.btn-primary[type='submit'] - الخطأ: Expected condition failed: waiting for element to be clickable: By.cssSelector: button.btn.btn-primary[type='submit'] (tried for 20 second(s) with 500 milliseconds interval)
Build info: version: '4.35.0', revision: '1c58e5028b'
System info: os.name: 'Windows 11', os.arch: 'amd64', os.version: '10.0', java.version: '24.0.1'
Driver info: org.openqa.selenium.chrome.ChromeDriver
Capabilities {acceptInsecureCerts: false, browserName: chrome, browserVersion: 145.0.7632.159, chrome: {chromedriverVersion: 145.0.7632.117 (de4e5d6e13b..., userDataDir: C:\Users\LAPSTO~1\AppData\L...}, fedcm:accounts: true, goog:chromeOptions: {debuggerAddress: localhost:61582}, goog:processID: 18592, networkConnectionEnabled: false, pageLoadStrategy: normal, platformName: windows, proxy: Proxy(), se:cdp: ws://localhost:61582/devtoo..., se:cdpVersion: 145.0.7632.159, setWindowRect: true, strictFileInteractability: false, timeouts: {implicit: 0, pageLoad: 300000, script: 30000}, unhandledPromptBehavior: dismiss and notify, webauthn:extension:credBlob: true, webauthn:extension:largeBlob: true, webauthn:extension:minPinLength: true, webauthn:extension:prf: true, webauthn:virtualAuthenticators: true}
Session ID: b5986f627f98106f397a973c45aef076
]]></system-out>
    <system-err><![CDATA[Mar 04, 2026 4:33:11 PM org.openqa.selenium.devtools.CdpVersionFinder findNearestMatch
WARNING: Unable to find CDP implementation matching 145
Mar 04, 2026 4:33:11 PM org.openqa.selenium.chromium.ChromiumDriver lambda$new$4
WARNING: Unable to find version of CDP to use for 145.0.7632.159. You may need to include a dependency on a specific version of the CDP using something similar to `org.seleniumhq.selenium:selenium-devtools-v86:4.35.0` where the version ("v86") matches the version of the chromium-based browser you're using and the version number of the artifact is the same as Selenium's.
]]></system-err>
  </testcase>
  <testcase name="testAddRole" classname="tests.DoneProject.roles.AddRoleTest" time="3.705">
    <system-out><![CDATA[[16:33:39] ✅ تم إنشاء ActionBot بنجاح مع WebDriver
[16:33:39] ✅ تم إنشاء BasePage بنجاح
[16:33:39] ✅ تم إنشاء ActionBot بنجاح مع WebDriver
[16:33:39] ✅ تم إنشاء BasePage بنجاح
[16:33:39] ✅ تم إنشاء ActionBot بنجاح مع WebDriver
[16:33:39] ✅ تم إنشاء BasePage بنجاح
[16:33:39] ⏳ انتظار الصفحة لتكون جاهزة...
[16:33:39] ✅ الصفحة جاهزة
[16:33:39] ⏳ جاري الانتظار لعنصر مرئي: By.id: validationServer01
[16:33:39] 🔄 جاري مسح النص القديم والكتابة الجديدة: ismealadmin
[16:33:39] ✅ تم كتابة النص بنجاح: [ismealadmin] في العنصر: By.id: validationServer01
[16:33:39] ⏳ جاري الانتظار لعنصر مرئي: By.id: validationServer02
[16:33:39] 🔄 جاري مسح النص القديم والكتابة الجديدة: 123456
[16:33:39] ✅ تم كتابة النص بنجاح: [123456] في العنصر: By.id: validationServer02
[16:33:39] ⏳ جاري الانتظار لعنصر قابل للنقر: By.cssSelector: button.btn-login
[16:33:39] ✅ تم النقر على العنصر: By.cssSelector: button.btn-login
[16:33:39] ⏳ انتظار الصفحة لتكون جاهزة...
[16:33:39] ✅ الصفحة جاهزة
[16:33:39] Test Started
[16:33:39] ⏳ جاري الانتظار لعنصر موجود: By.id: notifictions
[16:33:41] ⚙️ جاري النقر باستخدام JavaScript على: By.id: notifictions
[16:33:41] ✅ تم النقر بـ JavaScript بنجاح على: By.id: notifictions
[16:33:41] ⏳ جاري الانتظار لعنصر مرئي للتمرير: By.xpath: //a[@routerlink='/rolls']
[16:33:41] 📜 جاري التمرير إلى العنصر: By.xpath: //a[@routerlink='/rolls']
[16:33:41] ✅ تم التمرير بنجاح إلى: By.xpath: //a[@routerlink='/rolls']
[16:33:41] ⏳ جاري الانتظار لعنصر موجود: By.xpath: //a[@routerlink='/rolls']
[16:33:41] ⚙️ جاري النقر باستخدام JavaScript على: By.xpath: //a[@routerlink='/rolls']
[16:33:41] ✅ تم النقر بـ JavaScript بنجاح على: By.xpath: //a[@routerlink='/rolls']
[16:33:41] ⏳ انتظار الصفحة لتكون جاهزة...
[16:33:42] ✅ الصفحة جاهزة
[16:33:42] ⏳ انتظار الصفحة لتكون جاهزة...
[16:33:42] ✅ الصفحة جاهزة
[16:33:42] ⏳ جاري الانتظار لعنصر قابل للنقر: By.cssSelector: .btn-add
[16:33:42] ✅ تم النقر على العنصر: By.cssSelector: .btn-add
[16:33:42] ⏳ جاري الانتظار لعنصر مرئي: By.id: name
[16:33:42] 🔄 جاري مسح النص القديم والكتابة الجديدة: Automation RoleEeewwewe
[16:33:43] ✅ تم كتابة النص بنجاح: [Automation RoleEeewwewe] في العنصر: By.id: name
[16:33:43] ⏳ جاري الانتظار لعنصر قابل للنقر: By.xpath: //div[@id='offcanvasposition']//button[@type='submit'][normalize-space()='Save']
[16:33:43] ✅ تم النقر على العنصر: By.xpath: //div[@id='offcanvasposition']//button[@type='submit'][normalize-space()='Save']
[16:33:43] ⏳ انتظار Toast أن يختفي...
[16:33:43] ✅ Toast اختفى بنجاح
]]></system-out>
  </testcase>
  <testcase name="addSectorSuccessfully" classname="tests.DoneProject.sectors.AddEditDeleteSectorTest" time="4.672">
    <system-out><![CDATA[[16:33:43] ✅ تم إنشاء ActionBot بنجاح مع WebDriver
[16:33:43] ✅ تم إنشاء BasePage بنجاح
[16:33:43] ✅ تم إنشاء ActionBot بنجاح مع WebDriver
[16:33:43] ✅ تم إنشاء BasePage بنجاح
[16:33:43] ⏳ انتظار الصفحة لتكون جاهزة...
[16:33:43] ✅ الصفحة جاهزة
[16:33:43] ⏳ جاري الانتظار لعنصر مرئي: By.id: validationServer01
[16:33:43] 🔄 جاري مسح النص القديم والكتابة الجديدة: ismealadmin
[16:33:43] ✅ تم كتابة النص بنجاح: [ismealadmin] في العنصر: By.id: validationServer01
[16:33:43] ⏳ جاري الانتظار لعنصر مرئي: By.id: validationServer02
[16:33:43] 🔄 جاري مسح النص القديم والكتابة الجديدة: 123456
[16:33:43] ✅ تم كتابة النص بنجاح: [123456] في العنصر: By.id: validationServer02
[16:33:43] ⏳ جاري الانتظار لعنصر قابل للنقر: By.cssSelector: button.btn-login
[16:33:43] ✅ تم النقر على العنصر: By.cssSelector: button.btn-login
[16:33:43] ⏳ انتظار الصفحة لتكون جاهزة...
[16:33:43] ✅ الصفحة جاهزة
[16:33:43] ⏳ انتظار الصفحة لتكون جاهزة...
[16:33:43] ✅ الصفحة جاهزة
[16:33:43] ⏳ جاري الانتظار لعنصر قابل للنقر: By.cssSelector: h5.title-list ~ button.btn-primary
[16:33:45] ✅ تم النقر على العنصر: By.cssSelector: h5.title-list ~ button.btn-primary
[16:33:45] ⏳ جاري الانتظار لعنصر مرئي: By.cssSelector: input[type='text'].form-control
[16:33:45] 🔄 جاري مسح النص القديم والكتابة الجديدة: Automation Sector 3
[16:33:47] ✅ تم كتابة النص بنجاح: [Automation Sector 3] في العنصر: By.cssSelector: input[type='text'].form-control
[16:33:47] ⏳ انتظار Toast أن يختفي...
[16:33:47] ✅ Toast اختفى بنجاح
[16:33:47] ⏳ جاري الانتظار لعنصر قابل للنقر: By.cssSelector: button.btn.btn-primary[type='submit']
[16:33:47] ✅ تم النقر على العنصر: By.cssSelector: button.btn.btn-primary[type='submit']
[16:33:47] ⏳ انتظار Toast أن يختفي...
[16:33:47] ✅ Toast اختفى بنجاح
[16:33:47] ⏳ جاري الانتظار لعنصر مرئي لقراءة النص: By.cssSelector: div.toast-success
[16:33:48] ✅ تم قراءة النص من By.cssSelector: div.toast-success: [Add Done]
]]></system-out>
  </testcase>
  <testcase name="editSectorSuccessfully" classname="tests.DoneProject.sectors.AddEditDeleteSectorTest" time="9.682">
    <system-out><![CDATA[[16:33:48] ⏳ انتظار الصفحة لتكون جاهزة...
[16:33:53] ✅ الصفحة جاهزة
[16:33:53] ⏳ جاري الانتظار لعنصر قابل للنقر: By.xpath: //div[contains(@class,'projectCard')][.//text()[normalize-space()='Automation Sector 3']]//button[@title='Edit']
[16:33:53] ✅ تم النقر على العنصر: By.xpath: //div[contains(@class,'projectCard')][.//text()[normalize-space()='Automation Sector 3']]//button[@title='Edit']
[16:33:53] ⏳ جاري الانتظار لعنصر مرئي: By.cssSelector: input[type='text'].form-control
[16:33:54] 🔄 جاري مسح النص القديم والكتابة الجديدة: Automation Sector Updated 3
[16:33:56] ✅ تم كتابة النص بنجاح: [Automation Sector Updated 3] في العنصر: By.cssSelector: input[type='text'].form-control
[16:33:56] ⏳ جاري الانتظار لعنصر قابل للنقر: By.cssSelector: button.btn.btn-primary[type='submit']
[16:33:57] ✅ تم النقر على العنصر: By.cssSelector: button.btn.btn-primary[type='submit']
[16:33:57] ⏳ انتظار Toast أن يختفي...
[16:33:57] ✅ Toast اختفى بنجاح
[16:33:57] ⏳ جاري الانتظار لعنصر مرئي لقراءة النص: By.cssSelector: div.toast-success
[16:33:58] ✅ تم قراءة النص من By.cssSelector: div.toast-success: [EditDone]
]]></system-out>
  </testcase>
  <testcase name="deleteSectorSuccessfully" classname="tests.DoneProject.sectors.AddEditDeleteSectorTest" time="7.008">
    <system-out><![CDATA[[16:33:58] ⏳ انتظار الصفحة لتكون جاهزة...
[16:34:03] ✅ الصفحة جاهزة
[16:34:03] ⏳ جاري الانتظار لعنصر قابل للنقر: By.xpath: //div[contains(@class,'projectCard')][.//text()[normalize-space()='Automation Sector Updated 3']]//button[@title='Delete']
[16:34:03] ✅ تم النقر على العنصر: By.xpath: //div[contains(@class,'projectCard')][.//text()[normalize-space()='Automation Sector Updated 3']]//button[@title='Delete']
[16:34:03] ⏳ جاري الانتظار لعنصر قابل للنقر: By.cssSelector: button.btn.btn-danger
[16:34:04] ✅ تم النقر على العنصر: By.cssSelector: button.btn.btn-danger
[16:34:04] ⏳ انتظار Toast أن يختفي...
[16:34:04] ✅ Toast اختفى بنجاح
[16:34:04] ⏳ جاري الانتظار لعنصر مرئي لقراءة النص: By.cssSelector: div.toast-success
[16:34:05] ✅ تم قراءة النص من By.cssSelector: div.toast-success: [Delete Done]
]]></system-out>
  </testcase>
  <testcase name="testAddTask" classname="tests.DoneProject.tasks.AddTaskTest" time="16.475">
    <system-out><![CDATA[[16:34:05] ✅ تم إنشاء ActionBot بنجاح مع WebDriver
[16:34:05] ✅ تم إنشاء BasePage بنجاح
[16:34:05] ✅ تم إنشاء ActionBot بنجاح مع WebDriver
[16:34:05] ✅ تم إنشاء BasePage بنجاح
[16:34:05] ✅ تم إنشاء ActionBot بنجاح مع WebDriver
[16:34:05] ✅ تم إنشاء BasePage بنجاح
[16:34:05] ⏳ انتظار الصفحة لتكون جاهزة...
[16:34:05] ✅ الصفحة جاهزة
[16:34:05] ⏳ جاري الانتظار لعنصر مرئي: By.id: validationServer01
[16:34:05] 🔄 جاري مسح النص القديم والكتابة الجديدة: ismealadmin
[16:34:05] ✅ تم كتابة النص بنجاح: [ismealadmin] في العنصر: By.id: validationServer01
[16:34:05] ⏳ جاري الانتظار لعنصر مرئي: By.id: validationServer02
[16:34:05] 🔄 جاري مسح النص القديم والكتابة الجديدة: 123456
[16:34:05] ✅ تم كتابة النص بنجاح: [123456] في العنصر: By.id: validationServer02
[16:34:05] ⏳ جاري الانتظار لعنصر قابل للنقر: By.cssSelector: button.btn-login
[16:34:05] ✅ تم النقر على العنصر: By.cssSelector: button.btn-login
[16:34:05] ⏳ انتظار الصفحة لتكون جاهزة...
[16:34:05] ✅ الصفحة جاهزة
[16:34:05] ⏳ جاري الانتظار لعنصر موجود: By.id: notifictions
[16:34:07] ⚙️ جاري النقر باستخدام JavaScript على: By.id: notifictions
[16:34:07] ✅ تم النقر بـ JavaScript بنجاح على: By.id: notifictions
[16:34:07] ⏳ جاري الانتظار لعنصر مرئي للتمرير: By.xpath: //a[@routerlink='/tasksboard']
[16:34:07] 📜 جاري التمرير إلى العنصر: By.xpath: //a[@routerlink='/tasksboard']
[16:34:07] ✅ تم التمرير بنجاح إلى: By.xpath: //a[@routerlink='/tasksboard']
[16:34:07] ⏳ جاري الانتظار لعنصر موجود: By.xpath: //a[@routerlink='/tasksboard']
[16:34:07] ⚙️ جاري النقر باستخدام JavaScript على: By.xpath: //a[@routerlink='/tasksboard']
[16:34:07] ✅ تم النقر بـ JavaScript بنجاح على: By.xpath: //a[@routerlink='/tasksboard']
[16:34:07] ⏳ انتظار الصفحة لتكون جاهزة...
[16:34:10] ✅ الصفحة جاهزة
[16:34:10] ⏳ انتظار الصفحة لتكون جاهزة...
[16:34:10] ✅ الصفحة جاهزة
[16:34:10] ⏳ جاري الانتظار لعنصر قابل للنقر: By.id: dropdownMenuButton1
[16:34:10] ✅ تم النقر على العنصر: By.id: dropdownMenuButton1
[16:34:10] ⏳ جاري الانتظار لعنصر قابل للنقر: By.xpath: //a[normalize-space()='Create task']
[16:34:10] ✅ تم النقر على العنصر: By.xpath: //a[normalize-space()='Create task']
[16:34:10] Trying candidate locator for task input: By.xpath: //div[@id='addNewQmission']//input[@id='name']
[16:34:21] Trying candidate locator for task input: By.xpath: //input[@id='name' or @name='name']
[16:34:21] ⏳ جاري الانتظار لعنصر مرئي للتمرير: By.xpath: //input[@id='name' or @name='name']
[16:34:21] 📜 جاري التمرير إلى العنصر: By.xpath: //input[@id='name' or @name='name']
[16:34:21] ✅ تم التمرير بنجاح إلى: By.xpath: //input[@id='name' or @name='name']
[16:34:21] ⏳ جاري الانتظار لعنصر مرئي: By.xpath: //input[@id='name' or @name='name']
[16:34:21] 🔄 جاري مسح النص القديم والكتابة الجديدة: Automation Task
[16:34:21] ✅ تم كتابة النص بنجاح: [Automation Task] في العنصر: By.xpath: //input[@id='name' or @name='name']
[16:34:21] Successfully typed task name using By.xpath: //input[@id='name' or @name='name']
[16:34:21] ⏳ جاري الانتظار لعنصر قابل للنقر: By.cssSelector: #addNewQmission .modal-header button.btn-close[aria-label='Close']
[16:34:21] ✅ تم النقر على العنصر: By.cssSelector: #addNewQmission .modal-header button.btn-close[aria-label='Close']
[16:34:21] ⏳ انتظار Toast أن يختفي...
[16:34:21] ✅ Toast اختفى بنجاح
]]></system-out>
  </testcase>
  <testcase name="testAddUser" classname="tests.DoneProject.users.AddUserTest" time="6.916">
    <system-out><![CDATA[[16:34:21] ✅ تم إنشاء ActionBot بنجاح مع WebDriver
[16:34:21] ✅ تم إنشاء BasePage بنجاح
[16:34:21] ✅ تم إنشاء ActionBot بنجاح مع WebDriver
[16:34:22] ✅ تم إنشاء BasePage بنجاح
[16:34:22] ✅ تم إنشاء ActionBot بنجاح مع WebDriver
[16:34:22] ✅ تم إنشاء BasePage بنجاح
[16:34:22] ⏳ انتظار الصفحة لتكون جاهزة...
[16:34:22] ✅ الصفحة جاهزة
[16:34:22] ⏳ جاري الانتظار لعنصر مرئي: By.id: validationServer01
[16:34:22] 🔄 جاري مسح النص القديم والكتابة الجديدة: ismealadmin
[16:34:22] ✅ تم كتابة النص بنجاح: [ismealadmin] في العنصر: By.id: validationServer01
[16:34:22] ⏳ جاري الانتظار لعنصر مرئي: By.id: validationServer02
[16:34:22] 🔄 جاري مسح النص القديم والكتابة الجديدة: 123456
[16:34:22] ✅ تم كتابة النص بنجاح: [123456] في العنصر: By.id: validationServer02
[16:34:22] ⏳ جاري الانتظار لعنصر قابل للنقر: By.cssSelector: button.btn-login
[16:34:22] ✅ تم النقر على العنصر: By.cssSelector: button.btn-login
[16:34:22] ⏳ انتظار الصفحة لتكون جاهزة...
[16:34:22] ✅ الصفحة جاهزة
[16:34:22] ⏳ جاري الانتظار لعنصر موجود: By.id: notifictions
[16:34:24] ⚙️ جاري النقر باستخدام JavaScript على: By.id: notifictions
[16:34:24] ✅ تم النقر بـ JavaScript بنجاح على: By.id: notifictions
[16:34:24] ⏳ جاري الانتظار لعنصر مرئي للتمرير: By.xpath: //a[@routerlink='/users']
[16:34:24] 📜 جاري التمرير إلى العنصر: By.xpath: //a[@routerlink='/users']
[16:34:24] ✅ تم التمرير بنجاح إلى: By.xpath: //a[@routerlink='/users']
[16:34:24] ⏳ جاري الانتظار لعنصر موجود: By.xpath: //a[@routerlink='/users']
[16:34:24] ⚙️ جاري النقر باستخدام JavaScript على: By.xpath: //a[@routerlink='/users']
[16:34:24] ✅ تم النقر بـ JavaScript بنجاح على: By.xpath: //a[@routerlink='/users']
[16:34:24] ⏳ انتظار الصفحة لتكون جاهزة...
[16:34:25] ✅ الصفحة جاهزة
[16:34:25] ⏳ جاري الانتظار لعنصر قابل للنقر: By.id: dropdownMenuButton1
[16:34:26] ✅ تم النقر على العنصر: By.id: dropdownMenuButton1
[16:34:26] ⏳ جاري الانتظار لعنصر قابل للنقر: By.xpath: //a[normalize-space()='Add User']
[16:34:26] ✅ تم النقر على العنصر: By.xpath: //a[normalize-space()='Add User']
[16:34:26] ⏳ جاري الانتظار لعنصر مرئي: By.id: userName
[16:34:26] 🔄 جاري مسح النص القديم والكتابة الجديدة: testuser012
[16:34:26] ✅ تم كتابة النص بنجاح: [testuser012] في العنصر: By.id: userName
[16:34:26] ⏳ جاري الانتظار لعنصر مرئي: By.id: fullName
[16:34:26] 🔄 جاري مسح النص القديم والكتابة الجديدة: Automation User
[16:34:26] ✅ تم كتابة النص بنجاح: [Automation User] في العنصر: By.id: fullName
[16:34:26] ⏳ جاري الانتظار لعنصر مرئي: By.id: email
[16:34:26] 🔄 جاري مسح النص القديم والكتابة الجديدة: testuser012@mail.com
[16:34:27] ✅ تم كتابة النص بنجاح: [testuser012@mail.com] في العنصر: By.id: email
[16:34:27] ⏳ جاري الانتظار لعنصر مرئي: By.id: phone
[16:34:27] 🔄 جاري مسح النص القديم والكتابة الجديدة: 01012345678
[16:34:27] ✅ تم كتابة النص بنجاح: [01012345678] في العنصر: By.id: phone
[16:34:27] ⏳ جاري الانتظار لعنصر مرئي: By.id: contractDate
[16:34:27] 🔄 جاري مسح النص القديم والكتابة الجديدة: 2000-01-01
[16:34:27] ✅ تم كتابة النص بنجاح: [2000-01-01] في العنصر: By.id: contractDate
[16:34:28] ⏳ جاري الانتظار لعنصر مرئي: By.id: monthlySalary
[16:34:28] 🔄 جاري مسح النص القديم والكتابة الجديدة: 100
[16:34:28] ✅ تم كتابة النص بنجاح: [100] في العنصر: By.id: monthlySalary
[16:34:28] ⏳ جاري الانتظار لعنصر مرئي: By.id: employeeCode
[16:34:28] 🔄 جاري مسح النص القديم والكتابة الجديدة: 1111
[16:34:28] ✅ تم كتابة النص بنجاح: [1111] في العنصر: By.id: employeeCode
[16:34:28] ⏳ جاري الانتظار لعنصر مرئي: By.id: password
[16:34:28] 🔄 جاري مسح النص القديم والكتابة الجديدة: aA@123Mah
[16:34:29] ✅ تم كتابة النص بنجاح: [aA@123Mah] في العنصر: By.id: password
[16:34:29] ⏳ جاري الانتظار لعنصر مرئي: By.id: confirmPassword
[16:34:29] 🔄 جاري مسح النص القديم والكتابة الجديدة: aA@123Mah
[16:34:29] ✅ تم كتابة النص بنجاح: [aA@123Mah] في العنصر: By.id: confirmPassword
[16:34:29] ⏳ جاري الانتظار لعنصر قابل للنقر: By.cssSelector: button.btn-submitdone
[16:34:29] ✅ تم النقر على العنصر: By.cssSelector: button.btn-submitdone
[16:34:29] ⏳ انتظار Toast أن يختفي...
[16:34:29] ✅ Toast اختفى بنجاح
]]></system-out>
  </testcase>
  <testcase name="deleteProjectSuccessfully" classname="tests.DoneProject.projects.DeleteProjectTest" time="5.52">
    <system-out><![CDATA[[16:34:29] ✅ تم إنشاء ActionBot بنجاح مع WebDriver
[16:34:29] ✅ تم إنشاء BasePage بنجاح
[16:34:29] ✅ تم إنشاء ActionBot بنجاح مع WebDriver
[16:34:29] ✅ تم إنشاء BasePage بنجاح
[16:34:29] ⏳ انتظار الصفحة لتكون جاهزة...
[16:34:29] ✅ الصفحة جاهزة
[16:34:29] ⏳ جاري الانتظار لعنصر مرئي: By.id: validationServer01
[16:34:29] 🔄 جاري مسح النص القديم والكتابة الجديدة: ismealadmin
[16:34:29] ✅ تم كتابة النص بنجاح: [ismealadmin] في العنصر: By.id: validationServer01
[16:34:29] ⏳ جاري الانتظار لعنصر مرئي: By.id: validationServer02
[16:34:29] 🔄 جاري مسح النص القديم والكتابة الجديدة: 123456
[16:34:29] ✅ تم كتابة النص بنجاح: [123456] في العنصر: By.id: validationServer02
[16:34:29] ⏳ جاري الانتظار لعنصر قابل للنقر: By.cssSelector: button.btn-login
[16:34:29] ✅ تم النقر على العنصر: By.cssSelector: button.btn-login
[16:34:29] ⏳ انتظار الصفحة لتكون جاهزة...
[16:34:29] ✅ الصفحة جاهزة
[16:34:29] ⏳ انتظار الصفحة لتكون جاهزة...
[16:34:29] ✅ الصفحة جاهزة
[16:34:29] ⏳ جاري الانتظار لعنصر قابل للنقر: By.xpath: //a[.//h4[normalize-space()='Automation Sector Updated']]
[16:34:32] ✅ تم النقر على العنصر: By.xpath: //a[.//h4[normalize-space()='Automation Sector Updated']]
[16:34:32] ⏳ انتظار الصفحة لتكون جاهزة...
[16:34:32] ✅ الصفحة جاهزة
[16:34:32] ⏳ انتظار الصفحة لتكون جاهزة...
[16:34:32] ✅ الصفحة جاهزة
[16:34:32] ⏳ جاري الانتظار لعنصر قابل للنقر: By.xpath: //div[contains(@class,'projectCard')][.//text()[normalize-space()='Automation Project 1']]//button[contains(@class,'dropdown-toggle')]
[16:34:34] ✅ تم النقر على العنصر: By.xpath: //div[contains(@class,'projectCard')][.//text()[normalize-space()='Automation Project 1']]//button[contains(@class,'dropdown-toggle')]
[16:34:34] ⏳ جاري الانتظار لعنصر قابل للنقر: By.xpath: //div[contains(@class,'projectCard')][.//text()[normalize-space()='Automation Project 1']]//span[normalize-space()='Delete']
[16:34:34] ✅ تم النقر على العنصر: By.xpath: //div[contains(@class,'projectCard')][.//text()[normalize-space()='Automation Project 1']]//span[normalize-space()='Delete']
[16:34:34] ⏳ جاري الانتظار لعنصر قابل للنقر: By.xpath: //div[contains(@class,'modal') and contains(@class,'show')]//button[normalize-space()='Yes']
[16:34:35] ✅ تم النقر على العنصر: By.xpath: //div[contains(@class,'modal') and contains(@class,'show')]//button[normalize-space()='Yes']
[16:34:35] ⏳ انتظار Toast أن يختفي...
[16:34:35] ✅ Toast اختفى بنجاح
]]></system-out>
  </testcase>
  <testcase name="testDeleteRole" classname="tests.DoneProject.roles.DeleteRoleTest" time="4.478">
    <system-out><![CDATA[[16:34:35] ✅ تم إنشاء ActionBot بنجاح مع WebDriver
[16:34:35] ✅ تم إنشاء BasePage بنجاح
[16:34:35] ✅ تم إنشاء ActionBot بنجاح مع WebDriver
[16:34:35] ✅ تم إنشاء BasePage بنجاح
[16:34:35] ✅ تم إنشاء ActionBot بنجاح مع WebDriver
[16:34:35] ✅ تم إنشاء BasePage بنجاح
[16:34:35] ⏳ انتظار الصفحة لتكون جاهزة...
[16:34:35] ✅ الصفحة جاهزة
[16:34:35] ⏳ جاري الانتظار لعنصر مرئي: By.id: validationServer01
[16:34:35] 🔄 جاري مسح النص القديم والكتابة الجديدة: ismealadmin
[16:34:35] ✅ تم كتابة النص بنجاح: [ismealadmin] في العنصر: By.id: validationServer01
[16:34:35] ⏳ جاري الانتظار لعنصر مرئي: By.id: validationServer02
[16:34:35] 🔄 جاري مسح النص القديم والكتابة الجديدة: 123456
[16:34:35] ✅ تم كتابة النص بنجاح: [123456] في العنصر: By.id: validationServer02
[16:34:35] ⏳ جاري الانتظار لعنصر قابل للنقر: By.cssSelector: button.btn-login
[16:34:35] ✅ تم النقر على العنصر: By.cssSelector: button.btn-login
[16:34:35] ⏳ انتظار الصفحة لتكون جاهزة...
[16:34:35] ✅ الصفحة جاهزة
[16:34:35] ⏳ جاري الانتظار لعنصر موجود: By.id: notifictions
[16:34:37] ⚙️ جاري النقر باستخدام JavaScript على: By.id: notifictions
[16:34:37] ✅ تم النقر بـ JavaScript بنجاح على: By.id: notifictions
[16:34:37] ⏳ جاري الانتظار لعنصر مرئي للتمرير: By.xpath: //a[@routerlink='/rolls']
[16:34:37] 📜 جاري التمرير إلى العنصر: By.xpath: //a[@routerlink='/rolls']
[16:34:37] ✅ تم التمرير بنجاح إلى: By.xpath: //a[@routerlink='/rolls']
[16:34:37] ⏳ جاري الانتظار لعنصر موجود: By.xpath: //a[@routerlink='/rolls']
[16:34:37] ⚙️ جاري النقر باستخدام JavaScript على: By.xpath: //a[@routerlink='/rolls']
[16:34:37] ✅ تم النقر بـ JavaScript بنجاح على: By.xpath: //a[@routerlink='/rolls']
[16:34:37] ⏳ انتظار الصفحة لتكون جاهزة...
[16:34:39] ✅ الصفحة جاهزة
[16:34:39] ⏳ انتظار الصفحة لتكون جاهزة...
[16:34:39] ✅ الصفحة جاهزة
[16:34:39] ⏳ جاري الانتظار لعنصر قابل للنقر: By.xpath: //tr[td[normalize-space()='Automation Role']]//button[@data-bs-target='#confirmdelete']
[16:34:39] ✅ تم النقر على العنصر: By.xpath: //tr[td[normalize-space()='Automation Role']]//button[@data-bs-target='#confirmdelete']
[16:34:39] ⏳ جاري الانتظار لعنصر قابل للنقر: By.cssSelector: button.btn.btn-danger
[16:34:40] ✅ تم النقر على العنصر: By.cssSelector: button.btn.btn-danger
[16:34:40] ⏳ انتظار Toast أن يختفي...
[16:34:40] ✅ Toast اختفى بنجاح
]]></system-out>
  </testcase>
  <testcase name="addSectorSuccessfully" classname="tests.DoneProject.sectors.AddSectorTest" time="3.933">
    <failure message="❌ Wrong toast message expected [Sector added successfully] but found [Add Done]" type="java.lang.AssertionError"><![CDATA[java.lang.AssertionError: ❌ Wrong toast message expected [Sector added successfully] but found [Add Done]
	at org.testng.Assert.fail(Assert.java:111)
	at org.testng.Assert.failNotEquals(Assert.java:1590)
	at org.testng.Assert.assertEqualsImpl(Assert.java:150)
	at org.testng.Assert.assertEquals(Assert.java:132)
	at org.testng.Assert.assertEquals(Assert.java:656)
	at tests.DoneProject.sectors.AddSectorTest.addSectorSuccessfully(AddSectorTest.java:43)
	at java.base/jdk.internal.reflect.DirectMethodHandleAccessor.invoke(DirectMethodHandleAccessor.java:104)
	at java.base/java.lang.reflect.Method.invoke(Method.java:565)
	at org.testng.internal.invokers.MethodInvocationHelper.invokeMethod(MethodInvocationHelper.java:141)
	at org.testng.internal.invokers.TestInvoker.invokeMethod(TestInvoker.java:687)
	at org.testng.internal.invokers.TestInvoker.invokeTestMethod(TestInvoker.java:230)
	at org.testng.internal.invokers.MethodRunner.runInSequence(MethodRunner.java:63)
	at org.testng.internal.invokers.TestInvoker$MethodInvocationAgent.invoke(TestInvoker.java:995)
	at org.testng.internal.invokers.TestInvoker.invokeTestMethods(TestInvoker.java:203)
	at org.testng.internal.invokers.TestMethodWorker.invokeTestMethods(TestMethodWorker.java:154)
	at org.testng.internal.invokers.TestMethodWorker.run(TestMethodWorker.java:134)
	at java.base/java.util.ArrayList.forEach(ArrayList.java:1604)
	at org.testng.TestRunner.privateRun(TestRunner.java:741)
	at org.testng.TestRunner.run(TestRunner.java:616)
	at org.testng.SuiteRunner.runTest(SuiteRunner.java:421)
	at org.testng.SuiteRunner.runSequentially(SuiteRunner.java:413)
	at org.testng.SuiteRunner.privateRun(SuiteRunner.java:373)
	at org.testng.SuiteRunner.run(SuiteRunner.java:312)
	at org.testng.SuiteRunnerWorker.runSuite(SuiteRunnerWorker.java:52)
	at org.testng.SuiteRunnerWorker.run(SuiteRunnerWorker.java:95)
	at org.testng.TestNG.runSuitesSequentially(TestNG.java:1274)
	at org.testng.TestNG.runSuitesLocally(TestNG.java:1208)
	at org.testng.TestNG.runSuites(TestNG.java:1112)
	at org.testng.TestNG.run(TestNG.java:1079)
	at org.apache.maven.surefire.testng.TestNGExecutor.run(TestNGExecutor.java:308)
	at org.apache.maven.surefire.testng.TestNGXmlTestSuite.execute(TestNGXmlTestSuite.java:71)
	at org.apache.maven.surefire.testng.TestNGProvider.invoke(TestNGProvider.java:113)
	at org.apache.maven.surefire.booter.ForkedBooter.runSuitesInProcess(ForkedBooter.java:385)
	at org.apache.maven.surefire.booter.ForkedBooter.execute(ForkedBooter.java:162)
	at org.apache.maven.surefire.booter.ForkedBooter.run(ForkedBooter.java:507)
	at org.apache.maven.surefire.booter.ForkedBooter.main(ForkedBooter.java:495)
]]></failure>
    <system-out><![CDATA[[16:34:40] ✅ تم إنشاء ActionBot بنجاح مع WebDriver
[16:34:40] ✅ تم إنشاء BasePage بنجاح
[16:34:40] ✅ تم إنشاء ActionBot بنجاح مع WebDriver
[16:34:40] ✅ تم إنشاء BasePage بنجاح
[16:34:40] ⏳ انتظار الصفحة لتكون جاهزة...
[16:34:40] ✅ الصفحة جاهزة
[16:34:40] ⏳ جاري الانتظار لعنصر مرئي: By.id: validationServer01
[16:34:40] 🔄 جاري مسح النص القديم والكتابة الجديدة: ismealadmin
[16:34:40] ✅ تم كتابة النص بنجاح: [ismealadmin] في العنصر: By.id: validationServer01
[16:34:40] ⏳ جاري الانتظار لعنصر مرئي: By.id: validationServer02
[16:34:40] 🔄 جاري مسح النص القديم والكتابة الجديدة: 123456
[16:34:40] ✅ تم كتابة النص بنجاح: [123456] في العنصر: By.id: validationServer02
[16:34:40] ⏳ جاري الانتظار لعنصر قابل للنقر: By.cssSelector: button.btn-login
[16:34:40] ✅ تم النقر على العنصر: By.cssSelector: button.btn-login
[16:34:40] ⏳ انتظار الصفحة لتكون جاهزة...
[16:34:40] ✅ الصفحة جاهزة
[16:34:40] ⏳ انتظار الصفحة لتكون جاهزة...
[16:34:40] ✅ الصفحة جاهزة
[16:34:40] ⏳ جاري الانتظار لعنصر قابل للنقر: By.cssSelector: h5.title-list ~ button.btn-primary
[16:34:42] ✅ تم النقر على العنصر: By.cssSelector: h5.title-list ~ button.btn-primary
[16:34:42] ⏳ جاري الانتظار لعنصر مرئي: By.cssSelector: input[type='text'].form-control
[16:34:42] 🔄 جاري مسح النص القديم والكتابة الجديدة: Automation Sector 2
[16:34:43] ✅ تم كتابة النص بنجاح: [Automation Sector 2] في العنصر: By.cssSelector: input[type='text'].form-control
[16:34:43] ⏳ انتظار Toast أن يختفي...
[16:34:43] ✅ Toast اختفى بنجاح
[16:34:43] ⏳ جاري الانتظار لعنصر قابل للنقر: By.cssSelector: button.btn.btn-primary[type='submit']
[16:34:43] ✅ تم النقر على العنصر: By.cssSelector: button.btn.btn-primary[type='submit']
[16:34:43] ⏳ انتظار Toast أن يختفي...
[16:34:43] ✅ Toast اختفى بنجاح
[16:34:43] ⏳ جاري الانتظار لعنصر مرئي لقراءة النص: By.cssSelector: div.toast-success
[16:34:44] ✅ تم قراءة النص من By.cssSelector: div.toast-success: [Add Done]
[16:34:44] ⏳ جاري الانتظار لعنصر مرئي لقراءة النص: By.cssSelector: div.toast-success
[16:34:44] ✅ تم قراءة النص من By.cssSelector: div.toast-success: [Add Done]
]]></system-out>
  </testcase>
  <testcase name="testDeleteTask" classname="tests.DoneProject.tasks.DeleteTaskTest" time="6.007">
    <system-out><![CDATA[[16:34:44] ✅ تم إنشاء ActionBot بنجاح مع WebDriver
[16:34:44] ✅ تم إنشاء BasePage بنجاح
[16:34:44] ✅ تم إنشاء ActionBot بنجاح مع WebDriver
[16:34:44] ✅ تم إنشاء BasePage بنجاح
[16:34:44] ⏳ انتظار الصفحة لتكون جاهزة...
[16:34:44] ✅ الصفحة جاهزة
[16:34:44] ⏳ جاري الانتظار لعنصر مرئي: By.id: validationServer01
[16:34:44] 🔄 جاري مسح النص القديم والكتابة الجديدة: ismealadmin
[16:34:44] ✅ تم كتابة النص بنجاح: [ismealadmin] في العنصر: By.id: validationServer01
[16:34:44] ⏳ جاري الانتظار لعنصر مرئي: By.id: validationServer02
[16:34:44] 🔄 جاري مسح النص القديم والكتابة الجديدة: 123456
[16:34:44] ✅ تم كتابة النص بنجاح: [123456] في العنصر: By.id: validationServer02
[16:34:44] ⏳ جاري الانتظار لعنصر قابل للنقر: By.cssSelector: button.btn-login
[16:34:44] ✅ تم النقر على العنصر: By.cssSelector: button.btn-login
[16:34:44] ⏳ انتظار الصفحة لتكون جاهزة...
[16:34:44] ✅ الصفحة جاهزة
[16:34:44] ⏳ جاري الانتظار لعنصر موجود: By.id: notifictions
[16:34:46] ⚙️ جاري النقر باستخدام JavaScript على: By.id: notifictions
[16:34:46] ✅ تم النقر بـ JavaScript بنجاح على: By.id: notifictions
[16:34:46] ⏳ جاري الانتظار لعنصر مرئي للتمرير: By.xpath: //a[@routerlink='/tasksboard']
[16:34:46] 📜 جاري التمرير إلى العنصر: By.xpath: //a[@routerlink='/tasksboard']
[16:34:46] ✅ تم التمرير بنجاح إلى: By.xpath: //a[@routerlink='/tasksboard']
[16:34:46] ⏳ جاري الانتظار لعنصر موجود: By.xpath: //a[@routerlink='/tasksboard']
[16:34:46] ⚙️ جاري النقر باستخدام JavaScript على: By.xpath: //a[@routerlink='/tasksboard']
[16:34:46] ✅ تم النقر بـ JavaScript بنجاح على: By.xpath: //a[@routerlink='/tasksboard']
[16:34:46] ⏳ انتظار الصفحة لتكون جاهزة...
[16:34:48] ✅ الصفحة جاهزة
[16:34:48] ⏳ انتظار الصفحة لتكون جاهزة...
[16:34:48] ✅ الصفحة جاهزة
[16:34:48] ⏳ جاري الانتظار لعنصر قابل للنقر: By.xpath: //div[@id='ToDo']//div[@class='p-scrollpanel-content']//div[1]//div[1]//button[1]//i[1]
[16:34:49] ✅ تم النقر على العنصر: By.xpath: //div[@id='ToDo']//div[@class='p-scrollpanel-content']//div[1]//div[1]//button[1]//i[1]
[16:34:49] ⏳ جاري الانتظار لعنصر قابل للنقر: By.xpath: //ul[contains(@class,'dropdown-menu') and contains(@class,'show')]//span[normalize-space()='Delete']
[16:34:49] ✅ تم النقر على العنصر: By.xpath: //ul[contains(@class,'dropdown-menu') and contains(@class,'show')]//span[normalize-space()='Delete']
[16:34:49] ⏳ جاري الانتظار لعنصر قابل للنقر: By.xpath: //div[contains(@class,'modal') and contains(@class,'show')]//button[normalize-space()='Yes']
[16:34:50] ✅ تم النقر على العنصر: By.xpath: //div[contains(@class,'modal') and contains(@class,'show')]//button[normalize-space()='Yes']
[16:34:50] ⏳ انتظار Toast أن يختفي...
[16:34:50] ✅ Toast اختفى بنجاح
]]></system-out>
  </testcase>
  <testcase name="testDeleteUser" classname="tests.DoneProject.users.DeleteUserTest" time="3.631">
    <system-out><![CDATA[[16:34:50] ✅ تم إنشاء ActionBot بنجاح مع WebDriver
[16:34:50] ✅ تم إنشاء BasePage بنجاح
[16:34:50] ✅ تم إنشاء ActionBot بنجاح مع WebDriver
[16:34:50] ✅ تم إنشاء BasePage بنجاح
[16:34:50] ✅ تم إنشاء ActionBot بنجاح مع WebDriver
[16:34:50] ✅ تم إنشاء BasePage بنجاح
[16:34:51] ⏳ انتظار الصفحة لتكون جاهزة...
[16:34:51] ✅ الصفحة جاهزة
[16:34:51] ⏳ جاري الانتظار لعنصر مرئي: By.id: validationServer01
[16:34:51] 🔄 جاري مسح النص القديم والكتابة الجديدة: ismealadmin
[16:34:51] ✅ تم كتابة النص بنجاح: [ismealadmin] في العنصر: By.id: validationServer01
[16:34:51] ⏳ جاري الانتظار لعنصر مرئي: By.id: validationServer02
[16:34:51] 🔄 جاري مسح النص القديم والكتابة الجديدة: 123456
[16:34:51] ✅ تم كتابة النص بنجاح: [123456] في العنصر: By.id: validationServer02
[16:34:51] ⏳ جاري الانتظار لعنصر قابل للنقر: By.cssSelector: button.btn-login
[16:34:51] ✅ تم النقر على العنصر: By.cssSelector: button.btn-login
[16:34:51] ⏳ انتظار الصفحة لتكون جاهزة...
[16:34:51] ✅ الصفحة جاهزة
[16:34:51] ⏳ جاري الانتظار لعنصر موجود: By.id: notifictions
[16:34:52] ⚙️ جاري النقر باستخدام JavaScript على: By.id: notifictions
[16:34:52] ✅ تم النقر بـ JavaScript بنجاح على: By.id: notifictions
[16:34:52] ⏳ جاري الانتظار لعنصر مرئي للتمرير: By.xpath: //a[@routerlink='/users']
[16:34:52] 📜 جاري التمرير إلى العنصر: By.xpath: //a[@routerlink='/users']
[16:34:52] ✅ تم التمرير بنجاح إلى: By.xpath: //a[@routerlink='/users']
[16:34:52] ⏳ جاري الانتظار لعنصر موجود: By.xpath: //a[@routerlink='/users']
[16:34:52] ⚙️ جاري النقر باستخدام JavaScript على: By.xpath: //a[@routerlink='/users']
[16:34:53] ✅ تم النقر بـ JavaScript بنجاح على: By.xpath: //a[@routerlink='/users']
[16:34:53] ⏳ انتظار الصفحة لتكون جاهزة...
[16:34:54] ✅ الصفحة جاهزة
[16:34:54] ⏳ جاري الانتظار لعنصر قابل للنقر: By.xpath: //tr[td[normalize-space()='testuser012']]//button
[16:34:54] ✅ تم النقر على العنصر: By.xpath: //tr[td[normalize-space()='testuser012']]//button
[16:34:54] ⏳ جاري الانتظار لعنصر قابل للنقر: By.xpath: //ul[@class='dropdown-menu show']//span[contains(text(),'Delete employee')]
[16:34:54] ✅ تم النقر على العنصر: By.xpath: //ul[@class='dropdown-menu show']//span[contains(text(),'Delete employee')]
[16:34:54] ⏳ جاري الانتظار لعنصر قابل للنقر: By.cssSelector: button.btn.btn-danger
[16:34:54] ✅ تم النقر على العنصر: By.cssSelector: button.btn.btn-danger
[16:34:54] ⏳ انتظار Toast أن يختفي...
[16:34:54] ✅ Toast اختفى بنجاح
]]></system-out>
  </testcase>
  <testcase name="editProjectSuccessfully" classname="tests.DoneProject.projects.EditProjectTest" time="26.702">
    <failure message="Expected condition failed: waiting for element to be clickable: By.xpath: //div[contains(@class,&apos;projectCard&apos;)][.//text()[normalize-space()=&apos;Automation Project 1&apos;]]//span[normalize-space()=&apos;Edit&apos;] (tried for 20 second(s) with 500 milliseconds interval)&#10;Build info: version: &apos;4.35.0&apos;, revision: &apos;1c58e5028b&apos;&#10;System info: os.name: &apos;Windows 11&apos;, os.arch: &apos;amd64&apos;, os.version: &apos;10.0&apos;, java.version: &apos;24.0.1&apos;&#10;Driver info: org.openqa.selenium.chrome.ChromeDriver&#10;Capabilities {acceptInsecureCerts: false, browserName: chrome, browserVersion: 145.0.7632.159, chrome: {chromedriverVersion: 145.0.7632.117 (de4e5d6e13b..., userDataDir: C:\Users\LAPSTO~1\AppData\L...}, fedcm:accounts: true, goog:chromeOptions: {debuggerAddress: localhost:61582}, goog:processID: 18592, networkConnectionEnabled: false, pageLoadStrategy: normal, platformName: windows, proxy: Proxy(), se:cdp: ws://localhost:61582/devtoo..., se:cdpVersion: 145.0.7632.159, setWindowRect: true, strictFileInteractability: false, timeouts: {implicit: 0, pageLoad: 300000, script: 30000}, unhandledPromptBehavior: dismiss and notify, webauthn:extension:credBlob: true, webauthn:extension:largeBlob: true, webauthn:extension:minPinLength: true, webauthn:extension:prf: true, webauthn:virtualAuthenticators: true}&#10;Session ID: b5986f627f98106f397a973c45aef076" type="org.openqa.selenium.TimeoutException"><![CDATA[org.openqa.selenium.TimeoutException: 
Expected condition failed: waiting for element to be clickable: By.xpath: //div[contains(@class,'projectCard')][.//text()[normalize-space()='Automation Project 1']]//span[normalize-space()='Edit'] (tried for 20 second(s) with 500 milliseconds interval)
Build info: version: '4.35.0', revision: '1c58e5028b'
System info: os.name: 'Windows 11', os.arch: 'amd64', os.version: '10.0', java.version: '24.0.1'
Driver info: org.openqa.selenium.chrome.ChromeDriver
Capabilities {acceptInsecureCerts: false, browserName: chrome, browserVersion: 145.0.7632.159, chrome: {chromedriverVersion: 145.0.7632.117 (de4e5d6e13b..., userDataDir: C:\Users\LAPSTO~1\AppData\L...}, fedcm:accounts: true, goog:chromeOptions: {debuggerAddress: localhost:61582}, goog:processID: 18592, networkConnectionEnabled: false, pageLoadStrategy: normal, platformName: windows, proxy: Proxy(), se:cdp: ws://localhost:61582/devtoo..., se:cdpVersion: 145.0.7632.159, setWindowRect: true, strictFileInteractability: false, timeouts: {implicit: 0, pageLoad: 300000, script: 30000}, unhandledPromptBehavior: dismiss and notify, webauthn:extension:credBlob: true, webauthn:extension:largeBlob: true, webauthn:extension:minPinLength: true, webauthn:extension:prf: true, webauthn:virtualAuthenticators: true}
Session ID: b5986f627f98106f397a973c45aef076
	at org.openqa.selenium.support.ui.WebDriverWait.timeoutException(WebDriverWait.java:84)
	at org.openqa.selenium.support.ui.FluentWait.until(FluentWait.java:228)
	at com.DoneProject.helpers.ActionBot.click(ActionBot.java:32)
	at com.DoneProject.Pages.BasePage.click(BasePage.java:28)
	at com.DoneProject.Pages.ProjectsPage.editProject(ProjectsPage.java:57)
	at tests.DoneProject.projects.EditProjectTest.editProjectSuccessfully(EditProjectTest.java:33)
	at java.base/jdk.internal.reflect.DirectMethodHandleAccessor.invoke(DirectMethodHandleAccessor.java:104)
	at java.base/java.lang.reflect.Method.invoke(Method.java:565)
	at org.testng.internal.invokers.MethodInvocationHelper.invokeMethod(MethodInvocationHelper.java:141)
	at org.testng.internal.invokers.TestInvoker.invokeMethod(TestInvoker.java:687)
	at org.testng.internal.invokers.TestInvoker.invokeTestMethod(TestInvoker.java:230)
	at org.testng.internal.invokers.MethodRunner.runInSequence(MethodRunner.java:63)
	at org.testng.internal.invokers.TestInvoker$MethodInvocationAgent.invoke(TestInvoker.java:995)
	at org.testng.internal.invokers.TestInvoker.invokeTestMethods(TestInvoker.java:203)
	at org.testng.internal.invokers.TestMethodWorker.invokeTestMethods(TestMethodWorker.java:154)
	at org.testng.internal.invokers.TestMethodWorker.run(TestMethodWorker.java:134)
	at java.base/java.util.ArrayList.forEach(ArrayList.java:1604)
	at org.testng.TestRunner.privateRun(TestRunner.java:741)
	at org.testng.TestRunner.run(TestRunner.java:616)
	at org.testng.SuiteRunner.runTest(SuiteRunner.java:421)
	at org.testng.SuiteRunner.runSequentially(SuiteRunner.java:413)
	at org.testng.SuiteRunner.privateRun(SuiteRunner.java:373)
	at org.testng.SuiteRunner.run(SuiteRunner.java:312)
	at org.testng.SuiteRunnerWorker.runSuite(SuiteRunnerWorker.java:52)
	at org.testng.SuiteRunnerWorker.run(SuiteRunnerWorker.java:95)
	at org.testng.TestNG.runSuitesSequentially(TestNG.java:1274)
	at org.testng.TestNG.runSuitesLocally(TestNG.java:1208)
	at org.testng.TestNG.runSuites(TestNG.java:1112)
	at org.testng.TestNG.run(TestNG.java:1079)
	at org.apache.maven.surefire.testng.TestNGExecutor.run(TestNGExecutor.java:308)
	at org.apache.maven.surefire.testng.TestNGXmlTestSuite.execute(TestNGXmlTestSuite.java:71)
	at org.apache.maven.surefire.testng.TestNGProvider.invoke(TestNGProvider.java:113)
	at org.apache.maven.surefire.booter.ForkedBooter.runSuitesInProcess(ForkedBooter.java:385)
	at org.apache.maven.surefire.booter.ForkedBooter.execute(ForkedBooter.java:162)
	at org.apache.maven.surefire.booter.ForkedBooter.run(ForkedBooter.java:507)
	at org.apache.maven.surefire.booter.ForkedBooter.main(ForkedBooter.java:495)
]]></failure>
    <system-out><![CDATA[[16:34:54] ✅ تم إنشاء ActionBot بنجاح مع WebDriver
[16:34:54] ✅ تم إنشاء BasePage بنجاح
[16:34:55] ✅ تم إنشاء ActionBot بنجاح مع WebDriver
[16:34:55] ✅ تم إنشاء BasePage بنجاح
[16:34:55] ⏳ انتظار الصفحة لتكون جاهزة...
[16:34:55] ✅ الصفحة جاهزة
[16:34:55] ⏳ جاري الانتظار لعنصر مرئي: By.id: validationServer01
[16:34:55] 🔄 جاري مسح النص القديم والكتابة الجديدة: ismealadmin
[16:34:55] ✅ تم كتابة النص بنجاح: [ismealadmin] في العنصر: By.id: validationServer01
[16:34:55] ⏳ جاري الانتظار لعنصر مرئي: By.id: validationServer02
[16:34:55] 🔄 جاري مسح النص القديم والكتابة الجديدة: 123456
[16:34:55] ✅ تم كتابة النص بنجاح: [123456] في العنصر: By.id: validationServer02
[16:34:55] ⏳ جاري الانتظار لعنصر قابل للنقر: By.cssSelector: button.btn-login
[16:34:55] ✅ تم النقر على العنصر: By.cssSelector: button.btn-login
[16:34:55] ⏳ انتظار الصفحة لتكون جاهزة...
[16:34:55] ✅ الصفحة جاهزة
[16:34:55] ⏳ انتظار الصفحة لتكون جاهزة...
[16:34:55] ✅ الصفحة جاهزة
[16:34:55] ⏳ جاري الانتظار لعنصر قابل للنقر: By.xpath: //a[.//h4[normalize-space()='Automation Sector Updated']]
[16:34:58] ✅ تم النقر على العنصر: By.xpath: //a[.//h4[normalize-space()='Automation Sector Updated']]
[16:34:58] ⏳ انتظار الصفحة لتكون جاهزة...
[16:34:58] ✅ الصفحة جاهزة
[16:34:58] ⏳ انتظار الصفحة لتكون جاهزة...
[16:34:58] ✅ الصفحة جاهزة
[16:34:58] ⏳ جاري الانتظار لعنصر قابل للنقر: By.xpath: //div[contains(@class,'projectCard')][.//text()[normalize-space()='Automation Project 1']]//button[contains(@class,'dropdown-toggle')]
[16:35:01] ✅ تم النقر على العنصر: By.xpath: //div[contains(@class,'projectCard')][.//text()[normalize-space()='Automation Project 1']]//button[contains(@class,'dropdown-toggle')]
[16:35:01] ⏳ جاري الانتظار لعنصر قابل للنقر: By.xpath: //div[contains(@class,'projectCard')][.//text()[normalize-space()='Automation Project 1']]//span[normalize-space()='Edit']
[16:35:21] ❌ فشل النقر على العنصر: By.xpath: //div[contains(@class,'projectCard')][.//text()[normalize-space()='Automation Project 1']]//span[normalize-space()='Edit'] - الخطأ: Expected condition failed: waiting for element to be clickable: By.xpath: //div[contains(@class,'projectCard')][.//text()[normalize-space()='Automation Project 1']]//span[normalize-space()='Edit'] (tried for 20 second(s) with 500 milliseconds interval)
Build info: version: '4.35.0', revision: '1c58e5028b'
System info: os.name: 'Windows 11', os.arch: 'amd64', os.version: '10.0', java.version: '24.0.1'
Driver info: org.openqa.selenium.chrome.ChromeDriver
Capabilities {acceptInsecureCerts: false, browserName: chrome, browserVersion: 145.0.7632.159, chrome: {chromedriverVersion: 145.0.7632.117 (de4e5d6e13b..., userDataDir: C:\Users\LAPSTO~1\AppData\L...}, fedcm:accounts: true, goog:chromeOptions: {debuggerAddress: localhost:61582}, goog:processID: 18592, networkConnectionEnabled: false, pageLoadStrategy: normal, platformName: windows, proxy: Proxy(), se:cdp: ws://localhost:61582/devtoo..., se:cdpVersion: 145.0.7632.159, setWindowRect: true, strictFileInteractability: false, timeouts: {implicit: 0, pageLoad: 300000, script: 30000}, unhandledPromptBehavior: dismiss and notify, webauthn:extension:credBlob: true, webauthn:extension:largeBlob: true, webauthn:extension:minPinLength: true, webauthn:extension:prf: true, webauthn:virtualAuthenticators: true}
Session ID: b5986f627f98106f397a973c45aef076
]]></system-out>
  </testcase>
  <testcase name="testEditRole" classname="tests.DoneProject.roles.EditRoleTest" time="8.654">
    <system-out><![CDATA[[16:35:21] ✅ تم إنشاء ActionBot بنجاح مع WebDriver
[16:35:21] ✅ تم إنشاء BasePage بنجاح
[16:35:21] ✅ تم إنشاء ActionBot بنجاح مع WebDriver
[16:35:21] ✅ تم إنشاء BasePage بنجاح
[16:35:21] ✅ تم إنشاء ActionBot بنجاح مع WebDriver
[16:35:21] ✅ تم إنشاء BasePage بنجاح
[16:35:22] ⏳ انتظار الصفحة لتكون جاهزة...
[16:35:22] ✅ الصفحة جاهزة
[16:35:22] ⏳ جاري الانتظار لعنصر مرئي: By.id: validationServer01
[16:35:22] 🔄 جاري مسح النص القديم والكتابة الجديدة: ismealadmin
[16:35:22] ✅ تم كتابة النص بنجاح: [ismealadmin] في العنصر: By.id: validationServer01
[16:35:22] ⏳ جاري الانتظار لعنصر مرئي: By.id: validationServer02
[16:35:22] 🔄 جاري مسح النص القديم والكتابة الجديدة: 123456
[16:35:22] ✅ تم كتابة النص بنجاح: [123456] في العنصر: By.id: validationServer02
[16:35:22] ⏳ جاري الانتظار لعنصر قابل للنقر: By.cssSelector: button.btn-login
[16:35:22] ✅ تم النقر على العنصر: By.cssSelector: button.btn-login
[16:35:22] ⏳ انتظار الصفحة لتكون جاهزة...
[16:35:22] ✅ الصفحة جاهزة
[16:35:22] ⏳ جاري الانتظار لعنصر موجود: By.id: notifictions
[16:35:24] ⚙️ جاري النقر باستخدام JavaScript على: By.id: notifictions
[16:35:24] ✅ تم النقر بـ JavaScript بنجاح على: By.id: notifictions
[16:35:24] ⏳ جاري الانتظار لعنصر مرئي للتمرير: By.xpath: //a[@routerlink='/rolls']
[16:35:24] 📜 جاري التمرير إلى العنصر: By.xpath: //a[@routerlink='/rolls']
[16:35:24] ✅ تم التمرير بنجاح إلى: By.xpath: //a[@routerlink='/rolls']
[16:35:24] ⏳ جاري الانتظار لعنصر موجود: By.xpath: //a[@routerlink='/rolls']
[16:35:24] ⚙️ جاري النقر باستخدام JavaScript على: By.xpath: //a[@routerlink='/rolls']
[16:35:24] ✅ تم النقر بـ JavaScript بنجاح على: By.xpath: //a[@routerlink='/rolls']
[16:35:24] ⏳ انتظار الصفحة لتكون جاهزة...
[16:35:25] ✅ الصفحة جاهزة
[16:35:25] ⏳ انتظار الصفحة لتكون جاهزة...
[16:35:25] ✅ الصفحة جاهزة
[16:35:25] ⏳ جاري الانتظار لعنصر قابل للنقر: By.xpath: //tr[td[normalize-space()='Automation RoleEe']]//button[@data-bs-target='#rollslist']
[16:35:26] ✅ تم النقر على العنصر: By.xpath: //tr[td[normalize-space()='Automation RoleEe']]//button[@data-bs-target='#rollslist']
[16:35:27] ⏳ جاري الانتظار لعنصر مرئي للتمرير: By.id: checkbox2-1
[16:35:27] 📜 جاري التمرير إلى العنصر: By.id: checkbox2-1
[16:35:27] ✅ تم التمرير بنجاح إلى: By.id: checkbox2-1
[16:35:27] ⏳ جاري الانتظار لعنصر قابل للنقر: By.id: checkbox2-1
[16:35:27] ✅ تم النقر على العنصر: By.id: checkbox2-1
[16:35:27] ⏳ جاري الانتظار لعنصر قابل للنقر: By.xpath: //i[contains(@class,'icon-chevron-right')]
[16:35:27] ✅ تم النقر على العنصر: By.xpath: //i[contains(@class,'icon-chevron-right')]
[16:35:27] ⏳ جاري الانتظار لعنصر مرئي للتمرير: By.id: checkbox2-2
[16:35:27] 📜 جاري التمرير إلى العنصر: By.id: checkbox2-2
[16:35:27] ✅ تم التمرير بنجاح إلى: By.id: checkbox2-2
[16:35:27] ⏳ جاري الانتظار لعنصر قابل للنقر: By.id: checkbox2-2
[16:35:27] ✅ تم النقر على العنصر: By.id: checkbox2-2
[16:35:27] ⏳ جاري الانتظار لعنصر قابل للنقر: By.xpath: //i[contains(@class,'icon-chevron-right')]
[16:35:27] ✅ تم النقر على العنصر: By.xpath: //i[contains(@class,'icon-chevron-right')]
[16:35:27] ⏳ جاري الانتظار لعنصر مرئي للتمرير: By.id: checkbox2-2
[16:35:27] 📜 جاري التمرير إلى العنصر: By.id: checkbox2-2
[16:35:27] ✅ تم التمرير بنجاح إلى: By.id: checkbox2-2
[16:35:27] ⏳ جاري الانتظار لعنصر قابل للنقر: By.id: checkbox2-2
[16:35:27] ✅ تم النقر على العنصر: By.id: checkbox2-2
[16:35:27] ⏳ جاري الانتظار لعنصر قابل للنقر: By.xpath: //i[contains(@class,'icon-chevron-right')]
[16:35:27] ✅ تم النقر على العنصر: By.xpath: //i[contains(@class,'icon-chevron-right')]
[16:35:27] ⏳ جاري الانتظار لعنصر مرئي للتمرير: By.id: checkbox2-2
[16:35:27] 📜 جاري التمرير إلى العنصر: By.id: checkbox2-2
[16:35:27] ✅ تم التمرير بنجاح إلى: By.id: checkbox2-2
[16:35:28] ⏳ جاري الانتظار لعنصر قابل للنقر: By.id: checkbox2-2
[16:35:28] ✅ تم النقر على العنصر: By.id: checkbox2-2
[16:35:28] ⏳ جاري الانتظار لعنصر قابل للنقر: By.xpath: //i[contains(@class,'icon-chevron-right')]
[16:35:28] ✅ تم النقر على العنصر: By.xpath: //i[contains(@class,'icon-chevron-right')]
[16:35:28] ⏳ جاري الانتظار لعنصر مرئي للتمرير: By.id: checkbox2-2
[16:35:28] 📜 جاري التمرير إلى العنصر: By.id: checkbox2-2
[16:35:28] ✅ تم التمرير بنجاح إلى: By.id: checkbox2-2
[16:35:28] ⏳ جاري الانتظار لعنصر قابل للنقر: By.id: checkbox2-2
[16:35:28] ✅ تم النقر على العنصر: By.id: checkbox2-2
[16:35:28] ⏳ جاري الانتظار لعنصر قابل للنقر: By.xpath: //i[contains(@class,'icon-chevron-right')]
[16:35:28] ✅ تم النقر على العنصر: By.xpath: //i[contains(@class,'icon-chevron-right')]
[16:35:28] ⏳ جاري الانتظار لعنصر مرئي للتمرير: By.id: checkbox2-2
[16:35:28] 📜 جاري التمرير إلى العنصر: By.id: checkbox2-2
[16:35:28] ✅ تم التمرير بنجاح إلى: By.id: checkbox2-2
[16:35:28] ⏳ جاري الانتظار لعنصر قابل للنقر: By.id: checkbox2-2
[16:35:28] ✅ تم النقر على العنصر: By.id: checkbox2-2
[16:35:28] ⏳ جاري الانتظار لعنصر قابل للنقر: By.xpath: //i[contains(@class,'icon-chevron-right')]
[16:35:28] ✅ تم النقر على العنصر: By.xpath: //i[contains(@class,'icon-chevron-right')]
[16:35:28] ⏳ جاري الانتظار لعنصر مرئي للتمرير: By.id: checkbox2-2
[16:35:28] 📜 جاري التمرير إلى العنصر: By.id: checkbox2-2
[16:35:28] ✅ تم التمرير بنجاح إلى: By.id: checkbox2-2
[16:35:28] ⏳ جاري الانتظار لعنصر قابل للنقر: By.id: checkbox2-2
[16:35:28] ✅ تم النقر على العنصر: By.id: checkbox2-2
[16:35:28] ⏳ جاري الانتظار لعنصر قابل للنقر: By.xpath: //i[contains(@class,'icon-chevron-right')]
[16:35:28] ✅ تم النقر على العنصر: By.xpath: //i[contains(@class,'icon-chevron-right')]
[16:35:29] ⏳ جاري الانتظار لعنصر مرئي للتمرير: By.id: checkbox2-2
[16:35:29] 📜 جاري التمرير إلى العنصر: By.id: checkbox2-2
[16:35:29] ✅ تم التمرير بنجاح إلى: By.id: checkbox2-2
[16:35:29] ⏳ جاري الانتظار لعنصر قابل للنقر: By.id: checkbox2-2
[16:35:29] ✅ تم النقر على العنصر: By.id: checkbox2-2
[16:35:29] ⏳ جاري الانتظار لعنصر قابل للنقر: By.xpath: //i[contains(@class,'icon-chevron-right')]
[16:35:29] ✅ تم النقر على العنصر: By.xpath: //i[contains(@class,'icon-chevron-right')]
[16:35:29] ⏳ جاري الانتظار لعنصر مرئي للتمرير: By.id: checkbox2-2
[16:35:29] 📜 جاري التمرير إلى العنصر: By.id: checkbox2-2
[16:35:29] ✅ تم التمرير بنجاح إلى: By.id: checkbox2-2
[16:35:29] ⏳ جاري الانتظار لعنصر قابل للنقر: By.id: checkbox2-2
[16:35:29] ✅ تم النقر على العنصر: By.id: checkbox2-2
[16:35:29] ⏳ جاري الانتظار لعنصر قابل للنقر: By.xpath: //i[contains(@class,'icon-chevron-right')]
[16:35:29] ✅ تم النقر على العنصر: By.xpath: //i[contains(@class,'icon-chevron-right')]
[16:35:29] ⏳ جاري الانتظار لعنصر مرئي للتمرير: By.id: checkbox2-2
[16:35:29] 📜 جاري التمرير إلى العنصر: By.id: checkbox2-2
[16:35:29] ✅ تم التمرير بنجاح إلى: By.id: checkbox2-2
[16:35:29] ⏳ جاري الانتظار لعنصر قابل للنقر: By.id: checkbox2-2
[16:35:29] ✅ تم النقر على العنصر: By.id: checkbox2-2
[16:35:29] ⏳ جاري الانتظار لعنصر قابل للنقر: By.xpath: //i[contains(@class,'icon-chevron-right')]
[16:35:29] ✅ تم النقر على العنصر: By.xpath: //i[contains(@class,'icon-chevron-right')]
[16:35:29] ⏳ جاري الانتظار لعنصر مرئي للتمرير: By.id: checkbox2-2
[16:35:29] 📜 جاري التمرير إلى العنصر: By.id: checkbox2-2
[16:35:29] ✅ تم التمرير بنجاح إلى: By.id: checkbox2-2
[16:35:29] ⏳ جاري الانتظار لعنصر قابل للنقر: By.id: checkbox2-2
[16:35:29] ✅ تم النقر على العنصر: By.id: checkbox2-2
[16:35:29] ⏳ جاري الانتظار لعنصر قابل للنقر: By.xpath: //i[contains(@class,'icon-chevron-right')]
[16:35:30] ✅ تم النقر على العنصر: By.xpath: //i[contains(@class,'icon-chevron-right')]
[16:35:30] ⏳ جاري الانتظار لعنصر مرئي للتمرير: By.id: checkbox2-2
[16:35:30] 📜 جاري التمرير إلى العنصر: By.id: checkbox2-2
[16:35:30] ✅ تم التمرير بنجاح إلى: By.id: checkbox2-2
[16:35:30] ⏳ جاري الانتظار لعنصر قابل للنقر: By.id: checkbox2-2
[16:35:30] ✅ تم النقر على العنصر: By.id: checkbox2-2
[16:35:30] ⏳ جاري الانتظار لعنصر قابل للنقر: By.xpath: //i[contains(@class,'icon-chevron-right')]
[16:35:30] ✅ تم النقر على العنصر: By.xpath: //i[contains(@class,'icon-chevron-right')]
[16:35:30] ⏳ جاري الانتظار لعنصر مرئي للتمرير: By.id: checkbox2-2
[16:35:30] 📜 جاري التمرير إلى العنصر: By.id: checkbox2-2
[16:35:30] ✅ تم التمرير بنجاح إلى: By.id: checkbox2-2
[16:35:30] ⏳ جاري الانتظار لعنصر قابل للنقر: By.id: checkbox2-2
[16:35:30] ✅ تم النقر على العنصر: By.id: checkbox2-2
[16:35:30] ⏳ جاري الانتظار لعنصر قابل للنقر: By.xpath: //i[contains(@class,'icon-chevron-right')]
[16:35:30] ✅ تم النقر على العنصر: By.xpath: //i[contains(@class,'icon-chevron-right')]
[16:35:30] ⏳ جاري الانتظار لعنصر مرئي للتمرير: By.id: checkbox2-2
[16:35:30] 📜 جاري التمرير إلى العنصر: By.id: checkbox2-2
[16:35:30] ✅ تم التمرير بنجاح إلى: By.id: checkbox2-2
[16:35:30] ⏳ جاري الانتظار لعنصر قابل للنقر: By.id: checkbox2-2
[16:35:30] ✅ تم النقر على العنصر: By.id: checkbox2-2
[16:35:30] ⏳ جاري الانتظار لعنصر قابل للنقر: By.xpath: //i[contains(@class,'icon-chevron-right')]
[16:35:30] ✅ تم النقر على العنصر: By.xpath: //i[contains(@class,'icon-chevron-right')]
[16:35:30] ⏳ جاري الانتظار لعنصر قابل للنقر: By.xpath: //button[contains(@class,'btn-success') and normalize-space()='Save']
[16:35:30] ✅ تم النقر على العنصر: By.xpath: //button[contains(@class,'btn-success') and normalize-space()='Save']
]]></system-out>
  </testcase>
  <testcase name="deleteSectorSuccessfully" classname="tests.DoneProject.sectors.DeleteSectorTest" time="20.044">
    <failure message="Expected condition failed: waiting for element to be clickable: By.xpath: //div[contains(@class,&apos;projectCard&apos;)][.//text()[normalize-space()=&apos;Automation Sector2&apos;]]//button[@title=&apos;Delete&apos;] (tried for 20 second(s) with 500 milliseconds interval)&#10;Build info: version: &apos;4.35.0&apos;, revision: &apos;1c58e5028b&apos;&#10;System info: os.name: &apos;Windows 11&apos;, os.arch: &apos;amd64&apos;, os.version: &apos;10.0&apos;, java.version: &apos;24.0.1&apos;&#10;Driver info: org.openqa.selenium.chrome.ChromeDriver&#10;Capabilities {acceptInsecureCerts: false, browserName: chrome, browserVersion: 145.0.7632.159, chrome: {chromedriverVersion: 145.0.7632.117 (de4e5d6e13b..., userDataDir: C:\Users\LAPSTO~1\AppData\L...}, fedcm:accounts: true, goog:chromeOptions: {debuggerAddress: localhost:51649}, goog:processID: 17716, networkConnectionEnabled: false, pageLoadStrategy: normal, platformName: windows, proxy: Proxy(), se:cdp: ws://localhost:51649/devtoo..., se:cdpVersion: 145.0.7632.159, setWindowRect: true, strictFileInteractability: false, timeouts: {implicit: 0, pageLoad: 300000, script: 30000}, unhandledPromptBehavior: dismiss and notify, webauthn:extension:credBlob: true, webauthn:extension:largeBlob: true, webauthn:extension:minPinLength: true, webauthn:extension:prf: true, webauthn:virtualAuthenticators: true}&#10;Session ID: 2de2cdaa2b033f9fa907b40dbf3b881b" type="org.openqa.selenium.TimeoutException"><![CDATA[org.openqa.selenium.TimeoutException: 
Expected condition failed: waiting for element to be clickable: By.xpath: //div[contains(@class,'projectCard')][.//text()[normalize-space()='Automation Sector2']]//button[@title='Delete'] (tried for 20 second(s) with 500 milliseconds interval)
Build info: version: '4.35.0', revision: '1c58e5028b'
System info: os.name: 'Windows 11', os.arch: 'amd64', os.version: '10.0', java.version: '24.0.1'
Driver info: org.openqa.selenium.chrome.ChromeDriver
Capabilities {acceptInsecureCerts: false, browserName: chrome, browserVersion: 145.0.7632.159, chrome: {chromedriverVersion: 145.0.7632.117 (de4e5d6e13b..., userDataDir: C:\Users\LAPSTO~1\AppData\L...}, fedcm:accounts: true, goog:chromeOptions: {debuggerAddress: localhost:51649}, goog:processID: 17716, networkConnectionEnabled: false, pageLoadStrategy: normal, platformName: windows, proxy: Proxy(), se:cdp: ws://localhost:51649/devtoo..., se:cdpVersion: 145.0.7632.159, setWindowRect: true, strictFileInteractability: false, timeouts: {implicit: 0, pageLoad: 300000, script: 30000}, unhandledPromptBehavior: dismiss and notify, webauthn:extension:credBlob: true, webauthn:extension:largeBlob: true, webauthn:extension:minPinLength: true, webauthn:extension:prf: true, webauthn:virtualAuthenticators: true}
Session ID: 2de2cdaa2b033f9fa907b40dbf3b881b
	at org.openqa.selenium.support.ui.WebDriverWait.timeoutException(WebDriverWait.java:84)
	at org.openqa.selenium.support.ui.FluentWait.until(FluentWait.java:228)
	at com.DoneProject.helpers.ActionBot.click(ActionBot.java:32)
	at com.DoneProject.Pages.BasePage.click(BasePage.java:28)
	at com.DoneProject.Pages.SectorsPage.deleteSector(SectorsPage.java:55)
	at tests.DoneProject.sectors.DeleteSectorTest.deleteSectorSuccessfully(DeleteSectorTest.java:31)
	at java.base/jdk.internal.reflect.DirectMethodHandleAccessor.invoke(DirectMethodHandleAccessor.java:104)
	at java.base/java.lang.reflect.Method.invoke(Method.java:565)
	at org.testng.internal.invokers.MethodInvocationHelper.invokeMethod(MethodInvocationHelper.java:141)
	at org.testng.internal.invokers.TestInvoker.invokeMethod(TestInvoker.java:687)
	at org.testng.internal.invokers.TestInvoker.invokeTestMethod(TestInvoker.java:230)
	at org.testng.internal.invokers.MethodRunner.runInSequence(MethodRunner.java:63)
	at org.testng.internal.invokers.TestInvoker$MethodInvocationAgent.invoke(TestInvoker.java:995)
	at org.testng.internal.invokers.TestInvoker.invokeTestMethods(TestInvoker.java:203)
	at org.testng.internal.invokers.TestMethodWorker.invokeTestMethods(TestMethodWorker.java:154)
	at org.testng.internal.invokers.TestMethodWorker.run(TestMethodWorker.java:134)
	at java.base/java.util.ArrayList.forEach(ArrayList.java:1604)
	at org.testng.TestRunner.privateRun(TestRunner.java:741)
	at org.testng.TestRunner.run(TestRunner.java:616)
	at org.testng.SuiteRunner.runTest(SuiteRunner.java:421)
	at org.testng.SuiteRunner.runSequentially(SuiteRunner.java:413)
	at org.testng.SuiteRunner.privateRun(SuiteRunner.java:373)
	at org.testng.SuiteRunner.run(SuiteRunner.java:312)
	at org.testng.SuiteRunnerWorker.runSuite(SuiteRunnerWorker.java:52)
	at org.testng.SuiteRunnerWorker.run(SuiteRunnerWorker.java:95)
	at org.testng.TestNG.runSuitesSequentially(TestNG.java:1274)
	at org.testng.TestNG.runSuitesLocally(TestNG.java:1208)
	at org.testng.TestNG.runSuites(TestNG.java:1112)
	at org.testng.TestNG.run(TestNG.java:1079)
	at org.apache.maven.surefire.testng.TestNGExecutor.run(TestNGExecutor.java:308)
	at org.apache.maven.surefire.testng.TestNGXmlTestSuite.execute(TestNGXmlTestSuite.java:71)
	at org.apache.maven.surefire.testng.TestNGProvider.invoke(TestNGProvider.java:113)
	at org.apache.maven.surefire.booter.ForkedBooter.runSuitesInProcess(ForkedBooter.java:385)
	at org.apache.maven.surefire.booter.ForkedBooter.execute(ForkedBooter.java:162)
	at org.apache.maven.surefire.booter.ForkedBooter.run(ForkedBooter.java:507)
	at org.apache.maven.surefire.booter.ForkedBooter.main(ForkedBooter.java:495)
]]></failure>
    <system-out><![CDATA[[16:35:32] ✅ تم إنشاء ActionBot بنجاح مع WebDriver
[16:35:32] ✅ تم إنشاء BasePage بنجاح
[16:35:36] ✅ تم إنشاء ActionBot بنجاح مع WebDriver
[16:35:36] ✅ تم إنشاء BasePage بنجاح
[16:35:36] ⏳ انتظار الصفحة لتكون جاهزة...
[16:35:36] ✅ الصفحة جاهزة
[16:35:36] ⏳ جاري الانتظار لعنصر مرئي: By.id: validationServer01
[16:35:36] 🔄 جاري مسح النص القديم والكتابة الجديدة: ismealadmin
[16:35:36] ✅ تم كتابة النص بنجاح: [ismealadmin] في العنصر: By.id: validationServer01
[16:35:36] ⏳ جاري الانتظار لعنصر مرئي: By.id: validationServer02
[16:35:36] 🔄 جاري مسح النص القديم والكتابة الجديدة: 123456
[16:35:36] ✅ تم كتابة النص بنجاح: [123456] في العنصر: By.id: validationServer02
[16:35:36] ⏳ جاري الانتظار لعنصر قابل للنقر: By.cssSelector: button.btn-login
[16:35:36] ✅ تم النقر على العنصر: By.cssSelector: button.btn-login
[16:35:36] ⏳ انتظار الصفحة لتكون جاهزة...
[16:35:36] ✅ الصفحة جاهزة
[16:35:36] ⏳ انتظار الصفحة لتكون جاهزة...
[16:35:36] ✅ الصفحة جاهزة
[16:35:36] ⏳ جاري الانتظار لعنصر قابل للنقر: By.xpath: //div[contains(@class,'projectCard')][.//text()[normalize-space()='Automation Sector2']]//button[@title='Delete']
[16:35:56] ❌ فشل النقر على العنصر: By.xpath: //div[contains(@class,'projectCard')][.//text()[normalize-space()='Automation Sector2']]//button[@title='Delete'] - الخطأ: Expected condition failed: waiting for element to be clickable: By.xpath: //div[contains(@class,'projectCard')][.//text()[normalize-space()='Automation Sector2']]//button[@title='Delete'] (tried for 20 second(s) with 500 milliseconds interval)
Build info: version: '4.35.0', revision: '1c58e5028b'
System info: os.name: 'Windows 11', os.arch: 'amd64', os.version: '10.0', java.version: '24.0.1'
Driver info: org.openqa.selenium.chrome.ChromeDriver
Capabilities {acceptInsecureCerts: false, browserName: chrome, browserVersion: 145.0.7632.159, chrome: {chromedriverVersion: 145.0.7632.117 (de4e5d6e13b..., userDataDir: C:\Users\LAPSTO~1\AppData\L...}, fedcm:accounts: true, goog:chromeOptions: {debuggerAddress: localhost:51649}, goog:processID: 17716, networkConnectionEnabled: false, pageLoadStrategy: normal, platformName: windows, proxy: Proxy(), se:cdp: ws://localhost:51649/devtoo..., se:cdpVersion: 145.0.7632.159, setWindowRect: true, strictFileInteractability: false, timeouts: {implicit: 0, pageLoad: 300000, script: 30000}, unhandledPromptBehavior: dismiss and notify, webauthn:extension:credBlob: true, webauthn:extension:largeBlob: true, webauthn:extension:minPinLength: true, webauthn:extension:prf: true, webauthn:virtualAuthenticators: true}
Session ID: 2de2cdaa2b033f9fa907b40dbf3b881b
]]></system-out>
    <system-err><![CDATA[Mar 04, 2026 4:35:32 PM org.openqa.selenium.devtools.CdpVersionFinder findNearestMatch
WARNING: Unable to find CDP implementation matching 145
Mar 04, 2026 4:35:32 PM org.openqa.selenium.chromium.ChromiumDriver lambda$new$4
WARNING: Unable to find version of CDP to use for 145.0.7632.159. You may need to include a dependency on a specific version of the CDP using something similar to `org.seleniumhq.selenium:selenium-devtools-v86:4.35.0` where the version ("v86") matches the version of the chromium-based browser you're using and the version number of the artifact is the same as Selenium's.
]]></system-err>
  </testcase>
  <testcase name="testEditTask" classname="tests.DoneProject.tasks.EditTaskTest" time="3.326">
    <failure message="Session ID is null. Using WebDriver after calling quit()?&#10;Build info: version: &apos;4.35.0&apos;, revision: &apos;1c58e5028b&apos;&#10;System info: os.name: &apos;Windows 11&apos;, os.arch: &apos;amd64&apos;, os.version: &apos;10.0&apos;, java.version: &apos;24.0.1&apos;&#10;Driver info: org.openqa.selenium.chrome.ChromeDriver&#10;Command: [null, findElement {value=//div[@id=&apos;ToDo&apos;]//div[@class=&apos;p-scrollpanel-content&apos;]//div[1]//div[1]//button[1]//i[1], using=xpath}]&#10;Capabilities {acceptInsecureCerts: false, browserName: chrome, browserVersion: 145.0.7632.159, chrome: {chromedriverVersion: 145.0.7632.117 (de4e5d6e13b..., userDataDir: C:\Users\LAPSTO~1\AppData\L...}, fedcm:accounts: true, goog:chromeOptions: {debuggerAddress: localhost:61582}, goog:processID: 18592, networkConnectionEnabled: false, pageLoadStrategy: normal, platformName: windows, proxy: Proxy(), se:cdp: ws://localhost:61582/devtoo..., se:cdpVersion: 145.0.7632.159, setWindowRect: true, strictFileInteractability: false, timeouts: {implicit: 0, pageLoad: 300000, script: 30000}, unhandledPromptBehavior: dismiss and notify, webauthn:extension:credBlob: true, webauthn:extension:largeBlob: true, webauthn:extension:minPinLength: true, webauthn:extension:prf: true, webauthn:virtualAuthenticators: true}" type="org.openqa.selenium.NoSuchSessionException"><![CDATA[org.openqa.selenium.NoSuchSessionException: 
Session ID is null. Using WebDriver after calling quit()?
Build info: version: '4.35.0', revision: '1c58e5028b'
System info: os.name: 'Windows 11', os.arch: 'amd64', os.version: '10.0', java.version: '24.0.1'
Driver info: org.openqa.selenium.chrome.ChromeDriver
Command: [null, findElement {value=//div[@id='ToDo']//div[@class='p-scrollpanel-content']//div[1]//div[1]//button[1]//i[1], using=xpath}]
Capabilities {acceptInsecureCerts: false, browserName: chrome, browserVersion: 145.0.7632.159, chrome: {chromedriverVersion: 145.0.7632.117 (de4e5d6e13b..., userDataDir: C:\Users\LAPSTO~1\AppData\L...}, fedcm:accounts: true, goog:chromeOptions: {debuggerAddress: localhost:61582}, goog:processID: 18592, networkConnectionEnabled: false, pageLoadStrategy: normal, platformName: windows, proxy: Proxy(), se:cdp: ws://localhost:61582/devtoo..., se:cdpVersion: 145.0.7632.159, setWindowRect: true, strictFileInteractability: false, timeouts: {implicit: 0, pageLoad: 300000, script: 30000}, unhandledPromptBehavior: dismiss and notify, webauthn:extension:credBlob: true, webauthn:extension:largeBlob: true, webauthn:extension:minPinLength: true, webauthn:extension:prf: true, webauthn:virtualAuthenticators: true}
	at org.openqa.selenium.remote.HttpCommandExecutor.execute(HttpCommandExecutor.java:176)
	at org.openqa.selenium.remote.service.DriverCommandExecutor.invokeExecute(DriverCommandExecutor.java:216)
	at org.openqa.selenium.remote.service.DriverCommandExecutor.execute(DriverCommandExecutor.java:174)
	at org.openqa.selenium.remote.RemoteWebDriver.execute(RemoteWebDriver.java:557)
	at org.openqa.selenium.remote.ElementLocation$ElementFinder$2.findElement(ElementLocation.java:165)
	at org.openqa.selenium.remote.ElementLocation.findElement(ElementLocation.java:59)
	at org.openqa.selenium.remote.RemoteWebDriver.findElement(RemoteWebDriver.java:380)
	at org.openqa.selenium.remote.RemoteWebDriver.findElement(RemoteWebDriver.java:374)
	at org.openqa.selenium.support.ui.ExpectedConditions$7.apply(ExpectedConditions.java:194)
	at org.openqa.selenium.support.ui.ExpectedConditions$7.apply(ExpectedConditions.java:190)
	at org.openqa.selenium.support.ui.ExpectedConditions$22.apply(ExpectedConditions.java:627)
	at org.openqa.selenium.support.ui.ExpectedConditions$22.apply(ExpectedConditions.java:624)
	at org.openqa.selenium.support.ui.FluentWait.until(FluentWait.java:203)
	at com.DoneProject.helpers.ActionBot.click(ActionBot.java:32)
	at com.DoneProject.Pages.BasePage.click(BasePage.java:28)
	at com.DoneProject.Pages.TasksPage.editFirstTask(TasksPage.java:164)
	at tests.DoneProject.tasks.EditTaskTest.testEditTask(EditTaskTest.java:34)
	at java.base/jdk.internal.reflect.DirectMethodHandleAccessor.invoke(DirectMethodHandleAccessor.java:104)
	at java.base/java.lang.reflect.Method.invoke(Method.java:565)
	at org.testng.internal.invokers.MethodInvocationHelper.invokeMethod(MethodInvocationHelper.java:141)
	at org.testng.internal.invokers.TestInvoker.invokeMethod(TestInvoker.java:687)
	at org.testng.internal.invokers.TestInvoker.invokeTestMethod(TestInvoker.java:230)
	at org.testng.internal.invokers.MethodRunner.runInSequence(MethodRunner.java:63)
	at org.testng.internal.invokers.TestInvoker$MethodInvocationAgent.invoke(TestInvoker.java:995)
	at org.testng.internal.invokers.TestInvoker.invokeTestMethods(TestInvoker.java:203)
	at org.testng.internal.invokers.TestMethodWorker.invokeTestMethods(TestMethodWorker.java:154)
	at org.testng.internal.invokers.TestMethodWorker.run(TestMethodWorker.java:134)
	at java.base/java.util.ArrayList.forEach(ArrayList.java:1604)
	at org.testng.TestRunner.privateRun(TestRunner.java:741)
	at org.testng.TestRunner.run(TestRunner.java:616)
	at org.testng.SuiteRunner.runTest(SuiteRunner.java:421)
	at org.testng.SuiteRunner.runSequentially(SuiteRunner.java:413)
	at org.testng.SuiteRunner.privateRun(SuiteRunner.java:373)
	at org.testng.SuiteRunner.run(SuiteRunner.java:312)
	at org.testng.SuiteRunnerWorker.runSuite(SuiteRunnerWorker.java:52)
	at org.testng.SuiteRunnerWorker.run(SuiteRunnerWorker.java:95)
	at org.testng.TestNG.runSuitesSequentially(TestNG.java:1274)
	at org.testng.TestNG.runSuitesLocally(TestNG.java:1208)
	at org.testng.TestNG.runSuites(TestNG.java:1112)
	at org.testng.TestNG.run(TestNG.java:1079)
	at org.apache.maven.surefire.testng.TestNGExecutor.run(TestNGExecutor.java:308)
	at org.apache.maven.surefire.testng.TestNGXmlTestSuite.execute(TestNGXmlTestSuite.java:71)
	at org.apache.maven.surefire.testng.TestNGProvider.invoke(TestNGProvider.java:113)
	at org.apache.maven.surefire.booter.ForkedBooter.runSuitesInProcess(ForkedBooter.java:385)
	at org.apache.maven.surefire.booter.ForkedBooter.execute(ForkedBooter.java:162)
	at org.apache.maven.surefire.booter.ForkedBooter.run(ForkedBooter.java:507)
	at org.apache.maven.surefire.booter.ForkedBooter.main(ForkedBooter.java:495)
]]></failure>
    <system-out><![CDATA[[16:35:56] ✅ تم إنشاء ActionBot بنجاح مع WebDriver
[16:35:56] ✅ تم إنشاء BasePage بنجاح
[16:35:56] ✅ تم إنشاء ActionBot بنجاح مع WebDriver
[16:35:56] ✅ تم إنشاء BasePage بنجاح
[16:35:56] ⏳ انتظار الصفحة لتكون جاهزة...
[16:35:56] ✅ الصفحة جاهزة
[16:35:56] ⏳ جاري الانتظار لعنصر مرئي: By.id: validationServer01
[16:35:56] 🔄 جاري مسح النص القديم والكتابة الجديدة: ismealadmin
[16:35:57] ✅ تم كتابة النص بنجاح: [ismealadmin] في العنصر: By.id: validationServer01
[16:35:57] ⏳ جاري الانتظار لعنصر مرئي: By.id: validationServer02
[16:35:57] 🔄 جاري مسح النص القديم والكتابة الجديدة: 123456
[16:35:57] ✅ تم كتابة النص بنجاح: [123456] في العنصر: By.id: validationServer02
[16:35:57] ⏳ جاري الانتظار لعنصر قابل للنقر: By.cssSelector: button.btn-login
[16:35:57] ✅ تم النقر على العنصر: By.cssSelector: button.btn-login
[16:35:57] ⏳ انتظار الصفحة لتكون جاهزة...
[16:35:57] ✅ الصفحة جاهزة
[16:35:57] ⏳ جاري الانتظار لعنصر موجود: By.id: notifictions
[16:35:59] ⚙️ جاري النقر باستخدام JavaScript على: By.id: notifictions
[16:35:59] ✅ تم النقر بـ JavaScript بنجاح على: By.id: notifictions
[16:35:59] ⏳ جاري الانتظار لعنصر مرئي للتمرير: By.xpath: //a[@routerlink='/tasksboard']
[16:35:59] 📜 جاري التمرير إلى العنصر: By.xpath: //a[@routerlink='/tasksboard']
[16:35:59] ✅ تم التمرير بنجاح إلى: By.xpath: //a[@routerlink='/tasksboard']
[16:35:59] ⏳ جاري الانتظار لعنصر موجود: By.xpath: //a[@routerlink='/tasksboard']
[16:35:59] ⚙️ جاري النقر باستخدام JavaScript على: By.xpath: //a[@routerlink='/tasksboard']
[16:35:59] ✅ تم النقر بـ JavaScript بنجاح على: By.xpath: //a[@routerlink='/tasksboard']
[16:35:59] ⏳ انتظار الصفحة لتكون جاهزة...
[16:36:00] ✅ الصفحة جاهزة
[16:36:00] ⏳ انتظار الصفحة لتكون جاهزة...
[16:36:00] ✅ الصفحة جاهزة
[16:36:00] ⏳ جاري الانتظار لعنصر قابل للنقر: By.xpath: //div[@id='ToDo']//div[@class='p-scrollpanel-content']//div[1]//div[1]//button[1]//i[1]
[16:36:00] ❌ فشل النقر على العنصر: By.xpath: //div[@id='ToDo']//div[@class='p-scrollpanel-content']//div[1]//div[1]//button[1]//i[1] - الخطأ: Session ID is null. Using WebDriver after calling quit()?
Build info: version: '4.35.0', revision: '1c58e5028b'
System info: os.name: 'Windows 11', os.arch: 'amd64', os.version: '10.0', java.version: '24.0.1'
Driver info: org.openqa.selenium.chrome.ChromeDriver
Command: [null, findElement {value=//div[@id='ToDo']//div[@class='p-scrollpanel-content']//div[1]//div[1]//button[1]//i[1], using=xpath}]
Capabilities {acceptInsecureCerts: false, browserName: chrome, browserVersion: 145.0.7632.159, chrome: {chromedriverVersion: 145.0.7632.117 (de4e5d6e13b..., userDataDir: C:\Users\LAPSTO~1\AppData\L...}, fedcm:accounts: true, goog:chromeOptions: {debuggerAddress: localhost:61582}, goog:processID: 18592, networkConnectionEnabled: false, pageLoadStrategy: normal, platformName: windows, proxy: Proxy(), se:cdp: ws://localhost:61582/devtoo..., se:cdpVersion: 145.0.7632.159, setWindowRect: true, strictFileInteractability: false, timeouts: {implicit: 0, pageLoad: 300000, script: 30000}, unhandledPromptBehavior: dismiss and notify, webauthn:extension:credBlob: true, webauthn:extension:largeBlob: true, webauthn:extension:minPinLength: true, webauthn:extension:prf: true, webauthn:virtualAuthenticators: true}
]]></system-out>
  </testcase>
  <testcase name="editSectorSuccessfully" classname="tests.DoneProject.sectors.EditSectorTest" time="20.485">
    <failure message="Expected condition failed: waiting for visibility of element located by By.cssSelector: div.toast-success (tried for 20 second(s) with 500 milliseconds interval)&#10;Build info: version: &apos;4.35.0&apos;, revision: &apos;1c58e5028b&apos;&#10;System info: os.name: &apos;Windows 11&apos;, os.arch: &apos;amd64&apos;, os.version: &apos;10.0&apos;, java.version: &apos;24.0.1&apos;&#10;Driver info: org.openqa.selenium.chrome.ChromeDriver&#10;Capabilities {acceptInsecureCerts: false, browserName: chrome, browserVersion: 145.0.7632.159, chrome: {chromedriverVersion: 145.0.7632.117 (de4e5d6e13b..., userDataDir: C:\Users\LAPSTO~1\AppData\L...}, fedcm:accounts: true, goog:chromeOptions: {debuggerAddress: localhost:51649}, goog:processID: 17716, networkConnectionEnabled: false, pageLoadStrategy: normal, platformName: windows, proxy: Proxy(), se:cdp: ws://localhost:51649/devtoo..., se:cdpVersion: 145.0.7632.159, setWindowRect: true, strictFileInteractability: false, timeouts: {implicit: 0, pageLoad: 300000, script: 30000}, unhandledPromptBehavior: dismiss and notify, webauthn:extension:credBlob: true, webauthn:extension:largeBlob: true, webauthn:extension:minPinLength: true, webauthn:extension:prf: true, webauthn:virtualAuthenticators: true}&#10;Session ID: 2de2cdaa2b033f9fa907b40dbf3b881b" type="org.openqa.selenium.TimeoutException"><![CDATA[org.openqa.selenium.TimeoutException: 
Expected condition failed: waiting for visibility of element located by By.cssSelector: div.toast-success (tried for 20 second(s) with 500 milliseconds interval)
Build info: version: '4.35.0', revision: '1c58e5028b'
System info: os.name: 'Windows 11', os.arch: 'amd64', os.version: '10.0', java.version: '24.0.1'
Driver info: org.openqa.selenium.chrome.ChromeDriver
Capabilities {acceptInsecureCerts: false, browserName: chrome, browserVersion: 145.0.7632.159, chrome: {chromedriverVersion: 145.0.7632.117 (de4e5d6e13b..., userDataDir: C:\Users\LAPSTO~1\AppData\L...}, fedcm:accounts: true, goog:chromeOptions: {debuggerAddress: localhost:51649}, goog:processID: 17716, networkConnectionEnabled: false, pageLoadStrategy: normal, platformName: windows, proxy: Proxy(), se:cdp: ws://localhost:51649/devtoo..., se:cdpVersion: 145.0.7632.159, setWindowRect: true, strictFileInteractability: false, timeouts: {implicit: 0, pageLoad: 300000, script: 30000}, unhandledPromptBehavior: dismiss and notify, webauthn:extension:credBlob: true, webauthn:extension:largeBlob: true, webauthn:extension:minPinLength: true, webauthn:extension:prf: true, webauthn:virtualAuthenticators: true}
Session ID: 2de2cdaa2b033f9fa907b40dbf3b881b
	at org.openqa.selenium.support.ui.WebDriverWait.timeoutException(WebDriverWait.java:84)
	at org.openqa.selenium.support.ui.FluentWait.until(FluentWait.java:228)
	at com.DoneProject.helpers.ActionBot.getText(ActionBot.java:162)
	at com.DoneProject.Pages.BasePage.getText(BasePage.java:38)
	at com.DoneProject.Pages.SectorsPage.getToastMessage(SectorsPage.java:70)
	at tests.DoneProject.sectors.EditSectorTest.editSectorSuccessfully(EditSectorTest.java:33)
	at java.base/jdk.internal.reflect.DirectMethodHandleAccessor.invoke(DirectMethodHandleAccessor.java:104)
	at java.base/java.lang.reflect.Method.invoke(Method.java:565)
	at org.testng.internal.invokers.MethodInvocationHelper.invokeMethod(MethodInvocationHelper.java:141)
	at org.testng.internal.invokers.TestInvoker.invokeMethod(TestInvoker.java:687)
	at org.testng.internal.invokers.TestInvoker.invokeTestMethod(TestInvoker.java:230)
	at org.testng.internal.invokers.MethodRunner.runInSequence(MethodRunner.java:63)
	at org.testng.internal.invokers.TestInvoker$MethodInvocationAgent.invoke(TestInvoker.java:995)
	at org.testng.internal.invokers.TestInvoker.invokeTestMethods(TestInvoker.java:203)
	at org.testng.internal.invokers.TestMethodWorker.invokeTestMethods(TestMethodWorker.java:154)
	at org.testng.internal.invokers.TestMethodWorker.run(TestMethodWorker.java:134)
	at java.base/java.util.ArrayList.forEach(ArrayList.java:1604)
	at org.testng.TestRunner.privateRun(TestRunner.java:741)
	at org.testng.TestRunner.run(TestRunner.java:616)
	at org.testng.SuiteRunner.runTest(SuiteRunner.java:421)
	at org.testng.SuiteRunner.runSequentially(SuiteRunner.java:413)
	at org.testng.SuiteRunner.privateRun(SuiteRunner.java:373)
	at org.testng.SuiteRunner.run(SuiteRunner.java:312)
	at org.testng.SuiteRunnerWorker.runSuite(SuiteRunnerWorker.java:52)
	at org.testng.SuiteRunnerWorker.run(SuiteRunnerWorker.java:95)
	at org.testng.TestNG.runSuitesSequentially(TestNG.java:1274)
	at org.testng.TestNG.runSuitesLocally(TestNG.java:1208)
	at org.testng.TestNG.runSuites(TestNG.java:1112)
	at org.testng.TestNG.run(TestNG.java:1079)
	at org.apache.maven.surefire.testng.TestNGExecutor.run(TestNGExecutor.java:308)
	at org.apache.maven.surefire.testng.TestNGXmlTestSuite.execute(TestNGXmlTestSuite.java:71)
	at org.apache.maven.surefire.testng.TestNGProvider.invoke(TestNGProvider.java:113)
	at org.apache.maven.surefire.booter.ForkedBooter.runSuitesInProcess(ForkedBooter.java:385)
	at org.apache.maven.surefire.booter.ForkedBooter.execute(ForkedBooter.java:162)
	at org.apache.maven.surefire.booter.ForkedBooter.run(ForkedBooter.java:507)
	at org.apache.maven.surefire.booter.ForkedBooter.main(ForkedBooter.java:495)
]]></failure>
    <system-out><![CDATA[[16:36:00] ✅ تم إنشاء ActionBot بنجاح مع WebDriver
[16:36:00] ✅ تم إنشاء BasePage بنجاح
[16:36:00] ✅ تم إنشاء ActionBot بنجاح مع WebDriver
[16:36:00] ✅ تم إنشاء BasePage بنجاح
[16:36:00] ⏳ انتظار الصفحة لتكون جاهزة...
[16:36:00] ✅ الصفحة جاهزة
[16:36:00] ⏳ جاري الانتظار لعنصر مرئي: By.id: validationServer01
[16:36:00] 🔄 جاري مسح النص القديم والكتابة الجديدة: ismealadmin
[16:36:00] ✅ تم كتابة النص بنجاح: [ismealadmin] في العنصر: By.id: validationServer01
[16:36:00] ⏳ جاري الانتظار لعنصر مرئي: By.id: validationServer02
[16:36:00] 🔄 جاري مسح النص القديم والكتابة الجديدة: 123456
[16:36:00] ✅ تم كتابة النص بنجاح: [123456] في العنصر: By.id: validationServer02
[16:36:00] ⏳ جاري الانتظار لعنصر قابل للنقر: By.cssSelector: button.btn-login
[16:36:01] ✅ تم النقر على العنصر: By.cssSelector: button.btn-login
[16:36:01] ⏳ انتظار الصفحة لتكون جاهزة...
[16:36:01] ✅ الصفحة جاهزة
[16:36:01] ⏳ جاري الانتظار لعنصر مرئي لقراءة النص: By.cssSelector: div.toast-success
[16:36:21] ❌ فشل قراءة النص من العنصر: By.cssSelector: div.toast-success - الخطأ: Expected condition failed: waiting for visibility of element located by By.cssSelector: div.toast-success (tried for 20 second(s) with 500 milliseconds interval)
Build info: version: '4.35.0', revision: '1c58e5028b'
System info: os.name: 'Windows 11', os.arch: 'amd64', os.version: '10.0', java.version: '24.0.1'
Driver info: org.openqa.selenium.chrome.ChromeDriver
Capabilities {acceptInsecureCerts: false, browserName: chrome, browserVersion: 145.0.7632.159, chrome: {chromedriverVersion: 145.0.7632.117 (de4e5d6e13b..., userDataDir: C:\Users\LAPSTO~1\AppData\L...}, fedcm:accounts: true, goog:chromeOptions: {debuggerAddress: localhost:51649}, goog:processID: 17716, networkConnectionEnabled: false, pageLoadStrategy: normal, platformName: windows, proxy: Proxy(), se:cdp: ws://localhost:51649/devtoo..., se:cdpVersion: 145.0.7632.159, setWindowRect: true, strictFileInteractability: false, timeouts: {implicit: 0, pageLoad: 300000, script: 30000}, unhandledPromptBehavior: dismiss and notify, webauthn:extension:credBlob: true, webauthn:extension:largeBlob: true, webauthn:extension:minPinLength: true, webauthn:extension:prf: true, webauthn:virtualAuthenticators: true}
Session ID: 2de2cdaa2b033f9fa907b40dbf3b881b
]]></system-out>
  </testcase>
</testsuite>