<?xml version="1.0" encoding="UTF-8"?>
<!-- Generated by org.testng.reporters.JUnitXMLReporter -->
<testsuite ignored="0" hostname="magdy" failures="1" tests="5" name="Surefire test" time="49.177" errors="0" timestamp="2026-03-25T03:14:28 EET">
  <testcase classname="tests.DoneProject.login.LoginTest" name="testEmptyFieldsValidation" time="3.28">
    <failure type="java.lang.AssertionError" message="Expected validation messages for empty fields not found! Actual: [] expected [true] but found [false]">
      <![CDATA[java.lang.AssertionError: Expected validation messages for empty fields not found! Actual: [] expected [true] but found [false]
at tests.DoneProject.login.LoginTest.testEmptyFieldsValidation(LoginTest.java:66)
at java.base/java.util.ArrayList.forEach(ArrayList.java:1604)
... Removed 33 stack frames]]>
    </failure>
  </testcase> <!-- testEmptyFieldsValidation -->
  <testcase classname="tests.DoneProject.login.LoginTest" name="testInvalidLogin" time="1.902"/>
  <testcase classname="tests.DoneProject.login.LoginTest" name="testInvalidLogin" time="1.886"/>
  <testcase classname="tests.DoneProject.login.LoginTest" name="testInvalidLogin" time="0.331"/>
  <testcase classname="tests.DoneProject.login.LoginTest" name="testSuccessfulLogin" time="3.992"/>
</testsuite> <!-- Surefire test -->
